Warning: you requested the nanomsg event logger, but bmv2 was compiled without -DBMELOG, and the event logger cannot be activated
Calling target program-options parser
[13:04:53.092] [bmv2] [D] [thread 10083] Set default default entry for table 'MyIngress.learning_table': MyIngress.mac_learn - 
[13:04:53.092] [bmv2] [D] [thread 10083] Set default default entry for table 'MyIngress.whether_encap': NoAction - 
[13:04:53.092] [bmv2] [D] [thread 10083] Set default default entry for table 'MyIngress.whether_decap_nhop': NoAction - 
[13:04:53.092] [bmv2] [D] [thread 10083] Set default default entry for table 'MyIngress.tunnel_ecmp': MyIngress.drop - 
[13:04:53.092] [bmv2] [D] [thread 10083] Set default default entry for table 'MyIngress.ecmp_group_to_nhop': NoAction - 
[13:04:53.092] [bmv2] [D] [thread 10083] Set default default entry for table 'MyIngress.forward_table': NoAction - 
[13:04:53.092] [bmv2] [D] [thread 10083] Set default default entry for table 'tbl_act': act - 
[13:04:53.092] [bmv2] [D] [thread 10083] Set default default entry for table 'tbl_act_0': act_0 - 
[13:04:53.092] [bmv2] [D] [thread 10083] Set default default entry for table 'MyIngress.select_mcast_grp': MyIngress.drop - 
[13:04:53.093] [bmv2] [D] [thread 10083] Set default default entry for table 'tbl_your_pipeline276': your_pipeline276 - 
[13:04:53.093] [bmv2] [D] [thread 10083] Set default default entry for table 'tbl_your_pipeline280': your_pipeline280 - 
[13:04:53.093] [bmv2] [D] [thread 10083] Set default default entry for table 'tbl_your_pipeline284': your_pipeline284 - 
[13:04:53.093] [bmv2] [D] [thread 10083] Set default default entry for table 'MyEgress.whether_encap_egress': NoAction - 
Adding interface s1-eth1 as port 1
[13:04:53.095] [bmv2] [D] [thread 10083] Adding interface s1-eth1 as port 1
Adding interface s1-eth2 as port 2
[13:04:53.127] [bmv2] [D] [thread 10083] Adding interface s1-eth2 as port 2
Adding interface s1-eth3 as port 3
[13:04:53.151] [bmv2] [D] [thread 10083] Adding interface s1-eth3 as port 3
Adding interface s1-eth4 as port 4
[13:04:53.175] [bmv2] [D] [thread 10083] Adding interface s1-eth4 as port 4
Adding interface s1-cpu-eth0 as port 5
[13:04:53.208] [bmv2] [D] [thread 10083] Adding interface s1-cpu-eth0 as port 5
[13:04:53.240] [bmv2] [I] [thread 10083] Starting Thrift server on port 9090
[13:04:53.240] [bmv2] [I] [thread 10083] Thrift server was started
[13:04:53.252] [bmv2] [D] [thread 10100] [0.0] [cxt 0] Processing packet received on port 2
[13:04:53.252] [bmv2] [D] [thread 10100] [0.0] [cxt 0] Parser 'parser': start
[13:04:53.252] [bmv2] [D] [thread 10100] [0.0] [cxt 0] Parser 'parser' entering state 'start'
[13:04:53.252] [bmv2] [D] [thread 10100] [0.0] [cxt 0] Extracting header 'ethernet_outer'
[13:04:53.252] [bmv2] [D] [thread 10100] [0.0] [cxt 0] Parser state 'start': key is 86dd
[13:04:53.252] [bmv2] [T] [thread 10100] [0.0] [cxt 0] Bytes parsed: 14
[13:04:53.252] [bmv2] [D] [thread 10100] [0.0] [cxt 0] Parser 'parser': end
[13:04:53.252] [bmv2] [D] [thread 10100] [0.0] [cxt 0] Pipeline 'ingress': start
[13:04:53.252] [bmv2] [T] [thread 10100] [0.0] [cxt 0] Applying table 'MyIngress.learning_table'
[13:04:53.252] [bmv2] [D] [thread 10100] [0.0] [cxt 0] Looking up key:
* hdr.ethernet.srcAddr: 000000000000

[13:04:53.252] [bmv2] [D] [thread 10100] [0.0] [cxt 0] Table 'MyIngress.learning_table': miss
[13:04:53.252] [bmv2] [D] [thread 10100] [0.0] [cxt 0] Action entry is MyIngress.mac_learn - 
[13:04:53.252] [bmv2] [T] [thread 10100] [0.0] [cxt 0] Action MyIngress.mac_learn
[13:04:53.252] [bmv2] [T] [thread 10100] [0.0] [cxt 0] p4src/your_pipeline.p4(146) Primitive meta.ingress_port = standard_metadata.ingress_port
[13:04:53.252] [bmv2] [T] [thread 10100] [0.0] [cxt 0] p4src/your_pipeline.p4(147) Primitive clone3(CloneType.I2E, 100, meta)
[13:04:53.252] [bmv2] [T] [thread 10100] [0.0] [cxt 0] Applying table 'MyIngress.whether_encap'
[13:04:53.252] [bmv2] [D] [thread 10100] [0.0] [cxt 0] Looking up key:
* standard_metadata.ingress_port: 0002
* hdr.ethernet.srcAddr          : 000000000000
* hdr.ethernet.dstAddr          : 000000000000

[13:04:53.252] [bmv2] [D] [thread 10100] [0.0] [cxt 0] Table 'MyIngress.whether_encap': miss
[13:04:53.252] [bmv2] [D] [thread 10100] [0.0] [cxt 0] Action entry is NoAction - 
[13:04:53.252] [bmv2] [T] [thread 10100] [0.0] [cxt 0] Action NoAction
[13:04:53.252] [bmv2] [T] [thread 10100] [0.0] [cxt 0] p4src/your_pipeline.p4(223) Condition "hdr.tunnel.isValid()" (node_4) is false
[13:04:53.252] [bmv2] [T] [thread 10100] [0.0] [cxt 0] Applying table 'MyIngress.forward_table'
[13:04:53.252] [bmv2] [D] [thread 10100] [0.0] [cxt 0] Looking up key:
* standard_metadata.ingress_port: 0002
* hdr.ethernet.dstAddr          : 000000000000

[13:04:53.252] [bmv2] [D] [thread 10100] [0.0] [cxt 0] Table 'MyIngress.forward_table': miss
[13:04:53.252] [bmv2] [D] [thread 10100] [0.0] [cxt 0] Action entry is NoAction - 
[13:04:53.252] [bmv2] [T] [thread 10100] [0.0] [cxt 0] Action NoAction
[13:04:53.252] [bmv2] [T] [thread 10100] [0.0] [cxt 0] Applying table 'tbl_act_0'
[13:04:53.252] [bmv2] [D] [thread 10100] [0.0] [cxt 0] Looking up key:

[13:04:53.252] [bmv2] [D] [thread 10100] [0.0] [cxt 0] Table 'tbl_act_0': miss
[13:04:53.252] [bmv2] [D] [thread 10100] [0.0] [cxt 0] Action entry is act_0 - 
[13:04:53.252] [bmv2] [T] [thread 10100] [0.0] [cxt 0] Action act_0
[13:04:53.252] [bmv2] [T] [thread 10100] [0.0] [cxt 0] Primitive (no source info)
[13:04:53.252] [bmv2] [T] [thread 10100] [0.0] [cxt 0] Condition "node_11" (node_11) is false
[13:04:53.252] [bmv2] [T] [thread 10100] [0.0] [cxt 0] Applying table 'MyIngress.select_mcast_grp'
[13:04:53.252] [bmv2] [D] [thread 10100] [0.0] [cxt 0] Looking up key:
* standard_metadata.ingress_port: 0002
* hdr.tunnel.pw_id              : 0000

[13:04:53.252] [bmv2] [D] [thread 10100] [0.0] [cxt 0] Table 'MyIngress.select_mcast_grp': miss
[13:04:53.252] [bmv2] [D] [thread 10100] [0.0] [cxt 0] Action entry is MyIngress.drop - 
[13:04:53.252] [bmv2] [T] [thread 10100] [0.0] [cxt 0] Action MyIngress.drop
[13:04:53.252] [bmv2] [T] [thread 10100] [0.0] [cxt 0] p4src/your_pipeline.p4(28) Primitive mark_to_drop(standard_metadata)
[13:04:53.252] [bmv2] [D] [thread 10100] [0.0] [cxt 0] Pipeline 'ingress': end
[13:04:53.252] [bmv2] [D] [thread 10100] [0.0] [cxt 0] Cloning packet at ingress
[13:04:53.252] [bmv2] [D] [thread 10100] [0.0] [cxt 0] Egress port is 511
[13:04:53.252] [bmv2] [D] [thread 10100] [0.0] [cxt 0] Dropping packet at the end of ingress
[13:04:53.374] [bmv2] [D] [thread 10100] [1.0] [cxt 0] Processing packet received on port 2
[13:04:53.374] [bmv2] [D] [thread 10100] [1.0] [cxt 0] Parser 'parser': start
[13:04:53.374] [bmv2] [D] [thread 10100] [1.0] [cxt 0] Parser 'parser' entering state 'start'
[13:04:53.374] [bmv2] [D] [thread 10100] [1.0] [cxt 0] Extracting header 'ethernet_outer'
[13:04:53.374] [bmv2] [D] [thread 10100] [1.0] [cxt 0] Parser state 'start': key is 86dd
[13:04:53.374] [bmv2] [T] [thread 10100] [1.0] [cxt 0] Bytes parsed: 14
[13:04:53.374] [bmv2] [D] [thread 10100] [1.0] [cxt 0] Parser 'parser': end
[13:04:53.374] [bmv2] [D] [thread 10100] [1.0] [cxt 0] Pipeline 'ingress': start
[13:04:53.374] [bmv2] [T] [thread 10100] [1.0] [cxt 0] Applying table 'MyIngress.learning_table'
[13:04:53.374] [bmv2] [D] [thread 10100] [1.0] [cxt 0] Looking up key:
* hdr.ethernet.srcAddr: 000000000000

[13:04:53.374] [bmv2] [D] [thread 10100] [1.0] [cxt 0] Table 'MyIngress.learning_table': miss
[13:04:53.374] [bmv2] [D] [thread 10100] [1.0] [cxt 0] Action entry is MyIngress.mac_learn - 
[13:04:53.374] [bmv2] [T] [thread 10100] [1.0] [cxt 0] Action MyIngress.mac_learn
[13:04:53.374] [bmv2] [T] [thread 10100] [1.0] [cxt 0] p4src/your_pipeline.p4(146) Primitive meta.ingress_port = standard_metadata.ingress_port
[13:04:53.374] [bmv2] [T] [thread 10100] [1.0] [cxt 0] p4src/your_pipeline.p4(147) Primitive clone3(CloneType.I2E, 100, meta)
[13:04:53.374] [bmv2] [T] [thread 10100] [1.0] [cxt 0] Applying table 'MyIngress.whether_encap'
[13:04:53.374] [bmv2] [D] [thread 10100] [1.0] [cxt 0] Looking up key:
* standard_metadata.ingress_port: 0002
* hdr.ethernet.srcAddr          : 000000000000
* hdr.ethernet.dstAddr          : 000000000000

[13:04:53.374] [bmv2] [D] [thread 10100] [1.0] [cxt 0] Table 'MyIngress.whether_encap': miss
[13:04:53.374] [bmv2] [D] [thread 10100] [1.0] [cxt 0] Action entry is NoAction - 
[13:04:53.374] [bmv2] [T] [thread 10100] [1.0] [cxt 0] Action NoAction
[13:04:53.374] [bmv2] [T] [thread 10100] [1.0] [cxt 0] p4src/your_pipeline.p4(223) Condition "hdr.tunnel.isValid()" (node_4) is false
[13:04:53.374] [bmv2] [T] [thread 10100] [1.0] [cxt 0] Applying table 'MyIngress.forward_table'
[13:04:53.374] [bmv2] [D] [thread 10100] [1.0] [cxt 0] Looking up key:
* standard_metadata.ingress_port: 0002
* hdr.ethernet.dstAddr          : 000000000000

[13:04:53.374] [bmv2] [D] [thread 10100] [1.0] [cxt 0] Table 'MyIngress.forward_table': miss
[13:04:53.374] [bmv2] [D] [thread 10100] [1.0] [cxt 0] Action entry is NoAction - 
[13:04:53.374] [bmv2] [T] [thread 10100] [1.0] [cxt 0] Action NoAction
[13:04:53.374] [bmv2] [T] [thread 10100] [1.0] [cxt 0] Applying table 'tbl_act_0'
[13:04:53.374] [bmv2] [D] [thread 10100] [1.0] [cxt 0] Looking up key:

[13:04:53.374] [bmv2] [D] [thread 10100] [1.0] [cxt 0] Table 'tbl_act_0': miss
[13:04:53.374] [bmv2] [D] [thread 10100] [1.0] [cxt 0] Action entry is act_0 - 
[13:04:53.374] [bmv2] [T] [thread 10100] [1.0] [cxt 0] Action act_0
[13:04:53.374] [bmv2] [T] [thread 10100] [1.0] [cxt 0] Primitive (no source info)
[13:04:53.374] [bmv2] [T] [thread 10100] [1.0] [cxt 0] Condition "node_11" (node_11) is false
[13:04:53.374] [bmv2] [T] [thread 10100] [1.0] [cxt 0] Applying table 'MyIngress.select_mcast_grp'
[13:04:53.374] [bmv2] [D] [thread 10100] [1.0] [cxt 0] Looking up key:
* standard_metadata.ingress_port: 0002
* hdr.tunnel.pw_id              : 0000

[13:04:53.374] [bmv2] [D] [thread 10100] [1.0] [cxt 0] Table 'MyIngress.select_mcast_grp': miss
[13:04:53.374] [bmv2] [D] [thread 10100] [1.0] [cxt 0] Action entry is MyIngress.drop - 
[13:04:53.374] [bmv2] [T] [thread 10100] [1.0] [cxt 0] Action MyIngress.drop
[13:04:53.374] [bmv2] [T] [thread 10100] [1.0] [cxt 0] p4src/your_pipeline.p4(28) Primitive mark_to_drop(standard_metadata)
[13:04:53.374] [bmv2] [D] [thread 10100] [1.0] [cxt 0] Pipeline 'ingress': end
[13:04:53.374] [bmv2] [D] [thread 10100] [1.0] [cxt 0] Cloning packet at ingress
[13:04:53.374] [bmv2] [D] [thread 10100] [1.0] [cxt 0] Egress port is 511
[13:04:53.374] [bmv2] [D] [thread 10100] [1.0] [cxt 0] Dropping packet at the end of ingress
[13:04:53.443] [bmv2] [D] [thread 10100] [2.0] [cxt 0] Processing packet received on port 4
[13:04:53.443] [bmv2] [D] [thread 10100] [2.0] [cxt 0] Parser 'parser': start
[13:04:53.443] [bmv2] [D] [thread 10100] [2.0] [cxt 0] Parser 'parser' entering state 'start'
[13:04:53.443] [bmv2] [D] [thread 10100] [2.0] [cxt 0] Extracting header 'ethernet_outer'
[13:04:53.443] [bmv2] [D] [thread 10100] [2.0] [cxt 0] Parser state 'start': key is 86dd
[13:04:53.443] [bmv2] [T] [thread 10100] [2.0] [cxt 0] Bytes parsed: 14
[13:04:53.443] [bmv2] [D] [thread 10100] [2.0] [cxt 0] Parser 'parser': end
[13:04:53.443] [bmv2] [D] [thread 10100] [2.0] [cxt 0] Pipeline 'ingress': start
[13:04:53.443] [bmv2] [T] [thread 10100] [2.0] [cxt 0] Applying table 'MyIngress.learning_table'
[13:04:53.443] [bmv2] [D] [thread 10100] [2.0] [cxt 0] Looking up key:
* hdr.ethernet.srcAddr: 000000000000

[13:04:53.443] [bmv2] [D] [thread 10100] [2.0] [cxt 0] Table 'MyIngress.learning_table': miss
[13:04:53.443] [bmv2] [D] [thread 10100] [2.0] [cxt 0] Action entry is MyIngress.mac_learn - 
[13:04:53.443] [bmv2] [T] [thread 10100] [2.0] [cxt 0] Action MyIngress.mac_learn
[13:04:53.443] [bmv2] [T] [thread 10100] [2.0] [cxt 0] p4src/your_pipeline.p4(146) Primitive meta.ingress_port = standard_metadata.ingress_port
[13:04:53.443] [bmv2] [T] [thread 10100] [2.0] [cxt 0] p4src/your_pipeline.p4(147) Primitive clone3(CloneType.I2E, 100, meta)
[13:04:53.443] [bmv2] [T] [thread 10100] [2.0] [cxt 0] Applying table 'MyIngress.whether_encap'
[13:04:53.443] [bmv2] [D] [thread 10100] [2.0] [cxt 0] Looking up key:
* standard_metadata.ingress_port: 0004
* hdr.ethernet.srcAddr          : 000000000000
* hdr.ethernet.dstAddr          : 000000000000

[13:04:53.443] [bmv2] [D] [thread 10100] [2.0] [cxt 0] Table 'MyIngress.whether_encap': miss
[13:04:53.443] [bmv2] [D] [thread 10100] [2.0] [cxt 0] Action entry is NoAction - 
[13:04:53.443] [bmv2] [T] [thread 10100] [2.0] [cxt 0] Action NoAction
[13:04:53.443] [bmv2] [T] [thread 10100] [2.0] [cxt 0] p4src/your_pipeline.p4(223) Condition "hdr.tunnel.isValid()" (node_4) is false
[13:04:53.443] [bmv2] [T] [thread 10100] [2.0] [cxt 0] Applying table 'MyIngress.forward_table'
[13:04:53.443] [bmv2] [D] [thread 10100] [2.0] [cxt 0] Looking up key:
* standard_metadata.ingress_port: 0004
* hdr.ethernet.dstAddr          : 000000000000

[13:04:53.443] [bmv2] [D] [thread 10100] [2.0] [cxt 0] Table 'MyIngress.forward_table': miss
[13:04:53.443] [bmv2] [D] [thread 10100] [2.0] [cxt 0] Action entry is NoAction - 
[13:04:53.443] [bmv2] [T] [thread 10100] [2.0] [cxt 0] Action NoAction
[13:04:53.443] [bmv2] [T] [thread 10100] [2.0] [cxt 0] Applying table 'tbl_act_0'
[13:04:53.443] [bmv2] [D] [thread 10100] [2.0] [cxt 0] Looking up key:

[13:04:53.443] [bmv2] [D] [thread 10100] [2.0] [cxt 0] Table 'tbl_act_0': miss
[13:04:53.443] [bmv2] [D] [thread 10100] [2.0] [cxt 0] Action entry is act_0 - 
[13:04:53.443] [bmv2] [T] [thread 10100] [2.0] [cxt 0] Action act_0
[13:04:53.443] [bmv2] [T] [thread 10100] [2.0] [cxt 0] Primitive (no source info)
[13:04:53.443] [bmv2] [T] [thread 10100] [2.0] [cxt 0] Condition "node_11" (node_11) is false
[13:04:53.443] [bmv2] [T] [thread 10100] [2.0] [cxt 0] Applying table 'MyIngress.select_mcast_grp'
[13:04:53.443] [bmv2] [D] [thread 10100] [2.0] [cxt 0] Looking up key:
* standard_metadata.ingress_port: 0004
* hdr.tunnel.pw_id              : 0000

[13:04:53.443] [bmv2] [D] [thread 10100] [2.0] [cxt 0] Table 'MyIngress.select_mcast_grp': miss
[13:04:53.443] [bmv2] [D] [thread 10100] [2.0] [cxt 0] Action entry is MyIngress.drop - 
[13:04:53.443] [bmv2] [T] [thread 10100] [2.0] [cxt 0] Action MyIngress.drop
[13:04:53.443] [bmv2] [T] [thread 10100] [2.0] [cxt 0] p4src/your_pipeline.p4(28) Primitive mark_to_drop(standard_metadata)
[13:04:53.443] [bmv2] [D] [thread 10100] [2.0] [cxt 0] Pipeline 'ingress': end
[13:04:53.443] [bmv2] [D] [thread 10100] [2.0] [cxt 0] Cloning packet at ingress
[13:04:53.443] [bmv2] [D] [thread 10100] [2.0] [cxt 0] Egress port is 511
[13:04:53.443] [bmv2] [D] [thread 10100] [2.0] [cxt 0] Dropping packet at the end of ingress
[13:04:53.628] [bmv2] [D] [thread 10100] [3.0] [cxt 0] Processing packet received on port 5
[13:04:53.628] [bmv2] [D] [thread 10100] [3.0] [cxt 0] Parser 'parser': start
[13:04:53.628] [bmv2] [D] [thread 10100] [3.0] [cxt 0] Parser 'parser' entering state 'start'
[13:04:53.628] [bmv2] [D] [thread 10100] [3.0] [cxt 0] Extracting header 'ethernet_outer'
[13:04:53.628] [bmv2] [D] [thread 10100] [3.0] [cxt 0] Parser state 'start': key is 86dd
[13:04:53.628] [bmv2] [T] [thread 10100] [3.0] [cxt 0] Bytes parsed: 14
[13:04:53.628] [bmv2] [D] [thread 10100] [3.0] [cxt 0] Parser 'parser': end
[13:04:53.628] [bmv2] [D] [thread 10100] [3.0] [cxt 0] Pipeline 'ingress': start
[13:04:53.628] [bmv2] [T] [thread 10100] [3.0] [cxt 0] Applying table 'MyIngress.learning_table'
[13:04:53.628] [bmv2] [D] [thread 10100] [3.0] [cxt 0] Looking up key:
* hdr.ethernet.srcAddr: 000000000000

[13:04:53.628] [bmv2] [D] [thread 10100] [3.0] [cxt 0] Table 'MyIngress.learning_table': miss
[13:04:53.628] [bmv2] [D] [thread 10100] [3.0] [cxt 0] Action entry is MyIngress.mac_learn - 
[13:04:53.628] [bmv2] [T] [thread 10100] [3.0] [cxt 0] Action MyIngress.mac_learn
[13:04:53.628] [bmv2] [T] [thread 10100] [3.0] [cxt 0] p4src/your_pipeline.p4(146) Primitive meta.ingress_port = standard_metadata.ingress_port
[13:04:53.628] [bmv2] [T] [thread 10100] [3.0] [cxt 0] p4src/your_pipeline.p4(147) Primitive clone3(CloneType.I2E, 100, meta)
[13:04:53.628] [bmv2] [T] [thread 10100] [3.0] [cxt 0] Applying table 'MyIngress.whether_encap'
[13:04:53.628] [bmv2] [D] [thread 10100] [3.0] [cxt 0] Looking up key:
* standard_metadata.ingress_port: 0005
* hdr.ethernet.srcAddr          : 000000000000
* hdr.ethernet.dstAddr          : 000000000000

[13:04:53.628] [bmv2] [D] [thread 10100] [3.0] [cxt 0] Table 'MyIngress.whether_encap': miss
[13:04:53.628] [bmv2] [D] [thread 10100] [3.0] [cxt 0] Action entry is NoAction - 
[13:04:53.628] [bmv2] [T] [thread 10100] [3.0] [cxt 0] Action NoAction
[13:04:53.628] [bmv2] [T] [thread 10100] [3.0] [cxt 0] p4src/your_pipeline.p4(223) Condition "hdr.tunnel.isValid()" (node_4) is false
[13:04:53.628] [bmv2] [T] [thread 10100] [3.0] [cxt 0] Applying table 'MyIngress.forward_table'
[13:04:53.628] [bmv2] [D] [thread 10100] [3.0] [cxt 0] Looking up key:
* standard_metadata.ingress_port: 0005
* hdr.ethernet.dstAddr          : 000000000000

[13:04:53.628] [bmv2] [D] [thread 10100] [3.0] [cxt 0] Table 'MyIngress.forward_table': miss
[13:04:53.628] [bmv2] [D] [thread 10100] [3.0] [cxt 0] Action entry is NoAction - 
[13:04:53.628] [bmv2] [T] [thread 10100] [3.0] [cxt 0] Action NoAction
[13:04:53.628] [bmv2] [T] [thread 10100] [3.0] [cxt 0] Applying table 'tbl_act_0'
[13:04:53.628] [bmv2] [D] [thread 10100] [3.0] [cxt 0] Looking up key:

[13:04:53.628] [bmv2] [D] [thread 10100] [3.0] [cxt 0] Table 'tbl_act_0': miss
[13:04:53.628] [bmv2] [D] [thread 10100] [3.0] [cxt 0] Action entry is act_0 - 
[13:04:53.628] [bmv2] [T] [thread 10100] [3.0] [cxt 0] Action act_0
[13:04:53.628] [bmv2] [T] [thread 10100] [3.0] [cxt 0] Primitive (no source info)
[13:04:53.628] [bmv2] [T] [thread 10100] [3.0] [cxt 0] Condition "node_11" (node_11) is false
[13:04:53.628] [bmv2] [T] [thread 10100] [3.0] [cxt 0] Applying table 'MyIngress.select_mcast_grp'
[13:04:53.628] [bmv2] [D] [thread 10100] [3.0] [cxt 0] Looking up key:
* standard_metadata.ingress_port: 0005
* hdr.tunnel.pw_id              : 0000

[13:04:53.628] [bmv2] [D] [thread 10100] [3.0] [cxt 0] Table 'MyIngress.select_mcast_grp': miss
[13:04:53.628] [bmv2] [D] [thread 10100] [3.0] [cxt 0] Action entry is MyIngress.drop - 
[13:04:53.628] [bmv2] [T] [thread 10100] [3.0] [cxt 0] Action MyIngress.drop
[13:04:53.628] [bmv2] [T] [thread 10100] [3.0] [cxt 0] p4src/your_pipeline.p4(28) Primitive mark_to_drop(standard_metadata)
[13:04:53.628] [bmv2] [D] [thread 10100] [3.0] [cxt 0] Pipeline 'ingress': end
[13:04:53.628] [bmv2] [D] [thread 10100] [3.0] [cxt 0] Cloning packet at ingress
[13:04:53.628] [bmv2] [D] [thread 10100] [3.0] [cxt 0] Egress port is 511
[13:04:53.628] [bmv2] [D] [thread 10100] [3.0] [cxt 0] Dropping packet at the end of ingress
[13:04:53.721] [bmv2] [D] [thread 10100] [4.0] [cxt 0] Processing packet received on port 3
[13:04:53.722] [bmv2] [D] [thread 10100] [4.0] [cxt 0] Parser 'parser': start
[13:04:53.722] [bmv2] [D] [thread 10100] [4.0] [cxt 0] Parser 'parser' entering state 'start'
[13:04:53.722] [bmv2] [D] [thread 10100] [4.0] [cxt 0] Extracting header 'ethernet_outer'
[13:04:53.722] [bmv2] [D] [thread 10100] [4.0] [cxt 0] Parser state 'start': key is 86dd
[13:04:53.722] [bmv2] [T] [thread 10100] [4.0] [cxt 0] Bytes parsed: 14
[13:04:53.722] [bmv2] [D] [thread 10100] [4.0] [cxt 0] Parser 'parser': end
[13:04:53.722] [bmv2] [D] [thread 10100] [4.0] [cxt 0] Pipeline 'ingress': start
[13:04:53.722] [bmv2] [T] [thread 10100] [4.0] [cxt 0] Applying table 'MyIngress.learning_table'
[13:04:53.722] [bmv2] [D] [thread 10100] [4.0] [cxt 0] Looking up key:
* hdr.ethernet.srcAddr: 000000000000

[13:04:53.722] [bmv2] [D] [thread 10100] [4.0] [cxt 0] Table 'MyIngress.learning_table': miss
[13:04:53.722] [bmv2] [D] [thread 10100] [4.0] [cxt 0] Action entry is MyIngress.mac_learn - 
[13:04:53.722] [bmv2] [T] [thread 10100] [4.0] [cxt 0] Action MyIngress.mac_learn
[13:04:53.722] [bmv2] [T] [thread 10100] [4.0] [cxt 0] p4src/your_pipeline.p4(146) Primitive meta.ingress_port = standard_metadata.ingress_port
[13:04:53.722] [bmv2] [T] [thread 10100] [4.0] [cxt 0] p4src/your_pipeline.p4(147) Primitive clone3(CloneType.I2E, 100, meta)
[13:04:53.722] [bmv2] [T] [thread 10100] [4.0] [cxt 0] Applying table 'MyIngress.whether_encap'
[13:04:53.722] [bmv2] [D] [thread 10100] [4.0] [cxt 0] Looking up key:
* standard_metadata.ingress_port: 0003
* hdr.ethernet.srcAddr          : 000000000000
* hdr.ethernet.dstAddr          : 000000000000

[13:04:53.722] [bmv2] [D] [thread 10100] [4.0] [cxt 0] Table 'MyIngress.whether_encap': miss
[13:04:53.723] [bmv2] [D] [thread 10100] [4.0] [cxt 0] Action entry is NoAction - 
[13:04:53.723] [bmv2] [T] [thread 10100] [4.0] [cxt 0] Action NoAction
[13:04:53.723] [bmv2] [T] [thread 10100] [4.0] [cxt 0] p4src/your_pipeline.p4(223) Condition "hdr.tunnel.isValid()" (node_4) is false
[13:04:53.723] [bmv2] [T] [thread 10100] [4.0] [cxt 0] Applying table 'MyIngress.forward_table'
[13:04:53.723] [bmv2] [D] [thread 10100] [4.0] [cxt 0] Looking up key:
* standard_metadata.ingress_port: 0003
* hdr.ethernet.dstAddr          : 000000000000

[13:04:53.723] [bmv2] [D] [thread 10100] [4.0] [cxt 0] Table 'MyIngress.forward_table': miss
[13:04:53.723] [bmv2] [D] [thread 10100] [4.0] [cxt 0] Action entry is NoAction - 
[13:04:53.723] [bmv2] [T] [thread 10100] [4.0] [cxt 0] Action NoAction
[13:04:53.723] [bmv2] [T] [thread 10100] [4.0] [cxt 0] Applying table 'tbl_act_0'
[13:04:53.723] [bmv2] [D] [thread 10100] [4.0] [cxt 0] Looking up key:

[13:04:53.723] [bmv2] [D] [thread 10100] [4.0] [cxt 0] Table 'tbl_act_0': miss
[13:04:53.723] [bmv2] [D] [thread 10100] [4.0] [cxt 0] Action entry is act_0 - 
[13:04:53.724] [bmv2] [T] [thread 10100] [4.0] [cxt 0] Action act_0
[13:04:53.724] [bmv2] [T] [thread 10100] [4.0] [cxt 0] Primitive (no source info)
[13:04:53.724] [bmv2] [T] [thread 10100] [4.0] [cxt 0] Condition "node_11" (node_11) is false
[13:04:53.724] [bmv2] [T] [thread 10100] [4.0] [cxt 0] Applying table 'MyIngress.select_mcast_grp'
[13:04:53.724] [bmv2] [D] [thread 10100] [4.0] [cxt 0] Looking up key:
* standard_metadata.ingress_port: 0003
* hdr.tunnel.pw_id              : 0000

[13:04:53.724] [bmv2] [D] [thread 10100] [4.0] [cxt 0] Table 'MyIngress.select_mcast_grp': miss
[13:04:53.724] [bmv2] [D] [thread 10100] [4.0] [cxt 0] Action entry is MyIngress.drop - 
[13:04:53.724] [bmv2] [T] [thread 10100] [4.0] [cxt 0] Action MyIngress.drop
[13:04:53.724] [bmv2] [T] [thread 10100] [4.0] [cxt 0] p4src/your_pipeline.p4(28) Primitive mark_to_drop(standard_metadata)
[13:04:53.724] [bmv2] [D] [thread 10100] [4.0] [cxt 0] Pipeline 'ingress': end
[13:04:53.724] [bmv2] [D] [thread 10100] [4.0] [cxt 0] Cloning packet at ingress
[13:04:53.724] [bmv2] [D] [thread 10100] [4.0] [cxt 0] Egress port is 511
[13:04:53.724] [bmv2] [D] [thread 10100] [4.0] [cxt 0] Dropping packet at the end of ingress
[13:04:53.762] [bmv2] [D] [thread 10100] [5.0] [cxt 0] Processing packet received on port 1
[13:04:53.762] [bmv2] [D] [thread 10100] [5.0] [cxt 0] Parser 'parser': start
[13:04:53.762] [bmv2] [D] [thread 10100] [5.0] [cxt 0] Parser 'parser' entering state 'start'
[13:04:53.762] [bmv2] [D] [thread 10100] [5.0] [cxt 0] Extracting header 'ethernet_outer'
[13:04:53.762] [bmv2] [D] [thread 10100] [5.0] [cxt 0] Parser state 'start': key is 86dd
[13:04:53.762] [bmv2] [T] [thread 10100] [5.0] [cxt 0] Bytes parsed: 14
[13:04:53.762] [bmv2] [D] [thread 10100] [5.0] [cxt 0] Parser 'parser': end
[13:04:53.762] [bmv2] [D] [thread 10100] [5.0] [cxt 0] Pipeline 'ingress': start
[13:04:53.762] [bmv2] [T] [thread 10100] [5.0] [cxt 0] Applying table 'MyIngress.learning_table'
[13:04:53.762] [bmv2] [D] [thread 10100] [5.0] [cxt 0] Looking up key:
* hdr.ethernet.srcAddr: 000000000000

[13:04:53.762] [bmv2] [D] [thread 10100] [5.0] [cxt 0] Table 'MyIngress.learning_table': miss
[13:04:53.762] [bmv2] [D] [thread 10100] [5.0] [cxt 0] Action entry is MyIngress.mac_learn - 
[13:04:53.762] [bmv2] [T] [thread 10100] [5.0] [cxt 0] Action MyIngress.mac_learn
[13:04:53.762] [bmv2] [T] [thread 10100] [5.0] [cxt 0] p4src/your_pipeline.p4(146) Primitive meta.ingress_port = standard_metadata.ingress_port
[13:04:53.762] [bmv2] [T] [thread 10100] [5.0] [cxt 0] p4src/your_pipeline.p4(147) Primitive clone3(CloneType.I2E, 100, meta)
[13:04:53.762] [bmv2] [T] [thread 10100] [5.0] [cxt 0] Applying table 'MyIngress.whether_encap'
[13:04:53.762] [bmv2] [D] [thread 10100] [5.0] [cxt 0] Looking up key:
* standard_metadata.ingress_port: 0001
* hdr.ethernet.srcAddr          : 000000000000
* hdr.ethernet.dstAddr          : 000000000000

[13:04:53.762] [bmv2] [D] [thread 10100] [5.0] [cxt 0] Table 'MyIngress.whether_encap': miss
[13:04:53.762] [bmv2] [D] [thread 10100] [5.0] [cxt 0] Action entry is NoAction - 
[13:04:53.762] [bmv2] [T] [thread 10100] [5.0] [cxt 0] Action NoAction
[13:04:53.762] [bmv2] [T] [thread 10100] [5.0] [cxt 0] p4src/your_pipeline.p4(223) Condition "hdr.tunnel.isValid()" (node_4) is false
[13:04:53.762] [bmv2] [T] [thread 10100] [5.0] [cxt 0] Applying table 'MyIngress.forward_table'
[13:04:53.762] [bmv2] [D] [thread 10100] [5.0] [cxt 0] Looking up key:
* standard_metadata.ingress_port: 0001
* hdr.ethernet.dstAddr          : 000000000000

[13:04:53.762] [bmv2] [D] [thread 10100] [5.0] [cxt 0] Table 'MyIngress.forward_table': miss
[13:04:53.762] [bmv2] [D] [thread 10100] [5.0] [cxt 0] Action entry is NoAction - 
[13:04:53.762] [bmv2] [T] [thread 10100] [5.0] [cxt 0] Action NoAction
[13:04:53.762] [bmv2] [T] [thread 10100] [5.0] [cxt 0] Applying table 'tbl_act_0'
[13:04:53.762] [bmv2] [D] [thread 10100] [5.0] [cxt 0] Looking up key:

[13:04:53.762] [bmv2] [D] [thread 10100] [5.0] [cxt 0] Table 'tbl_act_0': miss
[13:04:53.762] [bmv2] [D] [thread 10100] [5.0] [cxt 0] Action entry is act_0 - 
[13:04:53.762] [bmv2] [T] [thread 10100] [5.0] [cxt 0] Action act_0
[13:04:53.762] [bmv2] [T] [thread 10100] [5.0] [cxt 0] Primitive (no source info)
[13:04:53.762] [bmv2] [T] [thread 10100] [5.0] [cxt 0] Condition "node_11" (node_11) is false
[13:04:53.762] [bmv2] [T] [thread 10100] [5.0] [cxt 0] Applying table 'MyIngress.select_mcast_grp'
[13:04:53.762] [bmv2] [D] [thread 10100] [5.0] [cxt 0] Looking up key:
* standard_metadata.ingress_port: 0001
* hdr.tunnel.pw_id              : 0000

[13:04:53.762] [bmv2] [D] [thread 10100] [5.0] [cxt 0] Table 'MyIngress.select_mcast_grp': miss
[13:04:53.762] [bmv2] [D] [thread 10100] [5.0] [cxt 0] Action entry is MyIngress.drop - 
[13:04:53.762] [bmv2] [T] [thread 10100] [5.0] [cxt 0] Action MyIngress.drop
[13:04:53.762] [bmv2] [T] [thread 10100] [5.0] [cxt 0] p4src/your_pipeline.p4(28) Primitive mark_to_drop(standard_metadata)
[13:04:53.762] [bmv2] [D] [thread 10100] [5.0] [cxt 0] Pipeline 'ingress': end
[13:04:53.762] [bmv2] [D] [thread 10100] [5.0] [cxt 0] Cloning packet at ingress
[13:04:53.762] [bmv2] [D] [thread 10100] [5.0] [cxt 0] Egress port is 511
[13:04:53.762] [bmv2] [D] [thread 10100] [5.0] [cxt 0] Dropping packet at the end of ingress
[13:04:53.820] [bmv2] [D] [thread 10100] [6.0] [cxt 0] Processing packet received on port 5
[13:04:53.820] [bmv2] [D] [thread 10100] [6.0] [cxt 0] Parser 'parser': start
[13:04:53.820] [bmv2] [D] [thread 10100] [6.0] [cxt 0] Parser 'parser' entering state 'start'
[13:04:53.820] [bmv2] [D] [thread 10100] [6.0] [cxt 0] Extracting header 'ethernet_outer'
[13:04:53.821] [bmv2] [D] [thread 10100] [6.0] [cxt 0] Parser state 'start': key is 86dd
[13:04:53.821] [bmv2] [T] [thread 10100] [6.0] [cxt 0] Bytes parsed: 14
[13:04:53.821] [bmv2] [D] [thread 10100] [6.0] [cxt 0] Parser 'parser': end
[13:04:53.821] [bmv2] [D] [thread 10100] [6.0] [cxt 0] Pipeline 'ingress': start
[13:04:53.821] [bmv2] [T] [thread 10100] [6.0] [cxt 0] Applying table 'MyIngress.learning_table'
[13:04:53.821] [bmv2] [D] [thread 10100] [6.0] [cxt 0] Looking up key:
* hdr.ethernet.srcAddr: 000000000000

[13:04:53.821] [bmv2] [D] [thread 10100] [6.0] [cxt 0] Table 'MyIngress.learning_table': miss
[13:04:53.821] [bmv2] [D] [thread 10100] [6.0] [cxt 0] Action entry is MyIngress.mac_learn - 
[13:04:53.821] [bmv2] [T] [thread 10100] [6.0] [cxt 0] Action MyIngress.mac_learn
[13:04:53.821] [bmv2] [T] [thread 10100] [6.0] [cxt 0] p4src/your_pipeline.p4(146) Primitive meta.ingress_port = standard_metadata.ingress_port
[13:04:53.821] [bmv2] [T] [thread 10100] [6.0] [cxt 0] p4src/your_pipeline.p4(147) Primitive clone3(CloneType.I2E, 100, meta)
[13:04:53.821] [bmv2] [T] [thread 10100] [6.0] [cxt 0] Applying table 'MyIngress.whether_encap'
[13:04:53.821] [bmv2] [D] [thread 10100] [6.0] [cxt 0] Looking up key:
* standard_metadata.ingress_port: 0005
* hdr.ethernet.srcAddr          : 000000000000
* hdr.ethernet.dstAddr          : 000000000000

[13:04:53.821] [bmv2] [D] [thread 10100] [6.0] [cxt 0] Table 'MyIngress.whether_encap': miss
[13:04:53.821] [bmv2] [D] [thread 10100] [6.0] [cxt 0] Action entry is NoAction - 
[13:04:53.821] [bmv2] [T] [thread 10100] [6.0] [cxt 0] Action NoAction
[13:04:53.821] [bmv2] [T] [thread 10100] [6.0] [cxt 0] p4src/your_pipeline.p4(223) Condition "hdr.tunnel.isValid()" (node_4) is false
[13:04:53.821] [bmv2] [T] [thread 10100] [6.0] [cxt 0] Applying table 'MyIngress.forward_table'
[13:04:53.821] [bmv2] [D] [thread 10100] [6.0] [cxt 0] Looking up key:
* standard_metadata.ingress_port: 0005
* hdr.ethernet.dstAddr          : 000000000000

[13:04:53.821] [bmv2] [D] [thread 10100] [6.0] [cxt 0] Table 'MyIngress.forward_table': miss
[13:04:53.821] [bmv2] [D] [thread 10100] [6.0] [cxt 0] Action entry is NoAction - 
[13:04:53.821] [bmv2] [T] [thread 10100] [6.0] [cxt 0] Action NoAction
[13:04:53.821] [bmv2] [T] [thread 10100] [6.0] [cxt 0] Applying table 'tbl_act_0'
[13:04:53.821] [bmv2] [D] [thread 10100] [6.0] [cxt 0] Looking up key:

[13:04:53.821] [bmv2] [D] [thread 10100] [6.0] [cxt 0] Table 'tbl_act_0': miss
[13:04:53.821] [bmv2] [D] [thread 10100] [6.0] [cxt 0] Action entry is act_0 - 
[13:04:53.821] [bmv2] [T] [thread 10100] [6.0] [cxt 0] Action act_0
[13:04:53.821] [bmv2] [T] [thread 10100] [6.0] [cxt 0] Primitive (no source info)
[13:04:53.821] [bmv2] [T] [thread 10100] [6.0] [cxt 0] Condition "node_11" (node_11) is false
[13:04:53.821] [bmv2] [T] [thread 10100] [6.0] [cxt 0] Applying table 'MyIngress.select_mcast_grp'
[13:04:53.821] [bmv2] [D] [thread 10100] [6.0] [cxt 0] Looking up key:
* standard_metadata.ingress_port: 0005
* hdr.tunnel.pw_id              : 0000

[13:04:53.821] [bmv2] [D] [thread 10100] [6.0] [cxt 0] Table 'MyIngress.select_mcast_grp': miss
[13:04:53.821] [bmv2] [D] [thread 10100] [6.0] [cxt 0] Action entry is MyIngress.drop - 
[13:04:53.821] [bmv2] [T] [thread 10100] [6.0] [cxt 0] Action MyIngress.drop
[13:04:53.821] [bmv2] [T] [thread 10100] [6.0] [cxt 0] p4src/your_pipeline.p4(28) Primitive mark_to_drop(standard_metadata)
[13:04:53.821] [bmv2] [D] [thread 10100] [6.0] [cxt 0] Pipeline 'ingress': end
[13:04:53.821] [bmv2] [D] [thread 10100] [6.0] [cxt 0] Cloning packet at ingress
[13:04:53.821] [bmv2] [D] [thread 10100] [6.0] [cxt 0] Egress port is 511
[13:04:53.821] [bmv2] [D] [thread 10100] [6.0] [cxt 0] Dropping packet at the end of ingress
[13:04:53.959] [bmv2] [D] [thread 10100] [7.0] [cxt 0] Processing packet received on port 1
[13:04:53.959] [bmv2] [D] [thread 10100] [7.0] [cxt 0] Parser 'parser': start
[13:04:53.959] [bmv2] [D] [thread 10100] [7.0] [cxt 0] Parser 'parser' entering state 'start'
[13:04:53.959] [bmv2] [D] [thread 10100] [7.0] [cxt 0] Extracting header 'ethernet_outer'
[13:04:53.959] [bmv2] [D] [thread 10100] [7.0] [cxt 0] Parser state 'start': key is 86dd
[13:04:53.959] [bmv2] [T] [thread 10100] [7.0] [cxt 0] Bytes parsed: 14
[13:04:53.959] [bmv2] [D] [thread 10100] [7.0] [cxt 0] Parser 'parser': end
[13:04:53.959] [bmv2] [D] [thread 10100] [7.0] [cxt 0] Pipeline 'ingress': start
[13:04:53.959] [bmv2] [T] [thread 10100] [7.0] [cxt 0] Applying table 'MyIngress.learning_table'
[13:04:53.959] [bmv2] [D] [thread 10100] [7.0] [cxt 0] Looking up key:
* hdr.ethernet.srcAddr: 000000000000

[13:04:53.959] [bmv2] [D] [thread 10100] [7.0] [cxt 0] Table 'MyIngress.learning_table': miss
[13:04:53.959] [bmv2] [D] [thread 10100] [7.0] [cxt 0] Action entry is MyIngress.mac_learn - 
[13:04:53.959] [bmv2] [T] [thread 10100] [7.0] [cxt 0] Action MyIngress.mac_learn
[13:04:53.959] [bmv2] [T] [thread 10100] [7.0] [cxt 0] p4src/your_pipeline.p4(146) Primitive meta.ingress_port = standard_metadata.ingress_port
[13:04:53.959] [bmv2] [T] [thread 10100] [7.0] [cxt 0] p4src/your_pipeline.p4(147) Primitive clone3(CloneType.I2E, 100, meta)
[13:04:53.959] [bmv2] [T] [thread 10100] [7.0] [cxt 0] Applying table 'MyIngress.whether_encap'
[13:04:53.959] [bmv2] [D] [thread 10100] [7.0] [cxt 0] Looking up key:
* standard_metadata.ingress_port: 0001
* hdr.ethernet.srcAddr          : 000000000000
* hdr.ethernet.dstAddr          : 000000000000

[13:04:53.959] [bmv2] [D] [thread 10100] [7.0] [cxt 0] Table 'MyIngress.whether_encap': miss
[13:04:53.960] [bmv2] [D] [thread 10100] [7.0] [cxt 0] Action entry is NoAction - 
[13:04:53.960] [bmv2] [T] [thread 10100] [7.0] [cxt 0] Action NoAction
[13:04:53.960] [bmv2] [T] [thread 10100] [7.0] [cxt 0] p4src/your_pipeline.p4(223) Condition "hdr.tunnel.isValid()" (node_4) is false
[13:04:53.960] [bmv2] [T] [thread 10100] [7.0] [cxt 0] Applying table 'MyIngress.forward_table'
[13:04:53.960] [bmv2] [D] [thread 10100] [7.0] [cxt 0] Looking up key:
* standard_metadata.ingress_port: 0001
* hdr.ethernet.dstAddr          : 000000000000

[13:04:53.960] [bmv2] [D] [thread 10100] [7.0] [cxt 0] Table 'MyIngress.forward_table': miss
[13:04:53.960] [bmv2] [D] [thread 10100] [7.0] [cxt 0] Action entry is NoAction - 
[13:04:53.960] [bmv2] [T] [thread 10100] [7.0] [cxt 0] Action NoAction
[13:04:53.960] [bmv2] [T] [thread 10100] [7.0] [cxt 0] Applying table 'tbl_act_0'
[13:04:53.960] [bmv2] [D] [thread 10100] [7.0] [cxt 0] Looking up key:

[13:04:53.960] [bmv2] [D] [thread 10100] [7.0] [cxt 0] Table 'tbl_act_0': miss
[13:04:53.960] [bmv2] [D] [thread 10100] [7.0] [cxt 0] Action entry is act_0 - 
[13:04:53.960] [bmv2] [T] [thread 10100] [7.0] [cxt 0] Action act_0
[13:04:53.960] [bmv2] [T] [thread 10100] [7.0] [cxt 0] Primitive (no source info)
[13:04:53.960] [bmv2] [T] [thread 10100] [7.0] [cxt 0] Condition "node_11" (node_11) is false
[13:04:53.960] [bmv2] [T] [thread 10100] [7.0] [cxt 0] Applying table 'MyIngress.select_mcast_grp'
[13:04:53.960] [bmv2] [D] [thread 10100] [7.0] [cxt 0] Looking up key:
* standard_metadata.ingress_port: 0001
* hdr.tunnel.pw_id              : 0000

[13:04:53.960] [bmv2] [D] [thread 10100] [7.0] [cxt 0] Table 'MyIngress.select_mcast_grp': miss
[13:04:53.960] [bmv2] [D] [thread 10100] [7.0] [cxt 0] Action entry is MyIngress.drop - 
[13:04:53.960] [bmv2] [T] [thread 10100] [7.0] [cxt 0] Action MyIngress.drop
[13:04:53.960] [bmv2] [T] [thread 10100] [7.0] [cxt 0] p4src/your_pipeline.p4(28) Primitive mark_to_drop(standard_metadata)
[13:04:53.960] [bmv2] [D] [thread 10100] [7.0] [cxt 0] Pipeline 'ingress': end
[13:04:53.960] [bmv2] [D] [thread 10100] [7.0] [cxt 0] Cloning packet at ingress
[13:04:53.960] [bmv2] [D] [thread 10100] [7.0] [cxt 0] Egress port is 511
[13:04:53.960] [bmv2] [D] [thread 10100] [7.0] [cxt 0] Dropping packet at the end of ingress
[13:04:54.008] [bmv2] [D] [thread 10100] [8.0] [cxt 0] Processing packet received on port 5
[13:04:54.008] [bmv2] [D] [thread 10100] [8.0] [cxt 0] Parser 'parser': start
[13:04:54.008] [bmv2] [D] [thread 10100] [8.0] [cxt 0] Parser 'parser' entering state 'start'
[13:04:54.008] [bmv2] [D] [thread 10100] [8.0] [cxt 0] Extracting header 'ethernet_outer'
[13:04:54.008] [bmv2] [D] [thread 10100] [8.0] [cxt 0] Parser state 'start': key is 86dd
[13:04:54.008] [bmv2] [T] [thread 10100] [8.0] [cxt 0] Bytes parsed: 14
[13:04:54.008] [bmv2] [D] [thread 10100] [8.0] [cxt 0] Parser 'parser': end
[13:04:54.008] [bmv2] [D] [thread 10100] [8.0] [cxt 0] Pipeline 'ingress': start
[13:04:54.008] [bmv2] [T] [thread 10100] [8.0] [cxt 0] Applying table 'MyIngress.learning_table'
[13:04:54.008] [bmv2] [D] [thread 10100] [8.0] [cxt 0] Looking up key:
* hdr.ethernet.srcAddr: 000000000000

[13:04:54.008] [bmv2] [D] [thread 10100] [8.0] [cxt 0] Table 'MyIngress.learning_table': miss
[13:04:54.008] [bmv2] [D] [thread 10100] [8.0] [cxt 0] Action entry is MyIngress.mac_learn - 
[13:04:54.008] [bmv2] [T] [thread 10100] [8.0] [cxt 0] Action MyIngress.mac_learn
[13:04:54.008] [bmv2] [T] [thread 10100] [8.0] [cxt 0] p4src/your_pipeline.p4(146) Primitive meta.ingress_port = standard_metadata.ingress_port
[13:04:54.008] [bmv2] [T] [thread 10100] [8.0] [cxt 0] p4src/your_pipeline.p4(147) Primitive clone3(CloneType.I2E, 100, meta)
[13:04:54.008] [bmv2] [T] [thread 10100] [8.0] [cxt 0] Applying table 'MyIngress.whether_encap'
[13:04:54.008] [bmv2] [D] [thread 10100] [8.0] [cxt 0] Looking up key:
* standard_metadata.ingress_port: 0005
* hdr.ethernet.srcAddr          : 000000000000
* hdr.ethernet.dstAddr          : 000000000000

[13:04:54.008] [bmv2] [D] [thread 10100] [8.0] [cxt 0] Table 'MyIngress.whether_encap': miss
[13:04:54.008] [bmv2] [D] [thread 10100] [8.0] [cxt 0] Action entry is NoAction - 
[13:04:54.008] [bmv2] [T] [thread 10100] [8.0] [cxt 0] Action NoAction
[13:04:54.008] [bmv2] [T] [thread 10100] [8.0] [cxt 0] p4src/your_pipeline.p4(223) Condition "hdr.tunnel.isValid()" (node_4) is false
[13:04:54.008] [bmv2] [T] [thread 10100] [8.0] [cxt 0] Applying table 'MyIngress.forward_table'
[13:04:54.008] [bmv2] [D] [thread 10100] [8.0] [cxt 0] Looking up key:
* standard_metadata.ingress_port: 0005
* hdr.ethernet.dstAddr          : 000000000000

[13:04:54.008] [bmv2] [D] [thread 10100] [8.0] [cxt 0] Table 'MyIngress.forward_table': miss
[13:04:54.008] [bmv2] [D] [thread 10100] [8.0] [cxt 0] Action entry is NoAction - 
[13:04:54.008] [bmv2] [T] [thread 10100] [8.0] [cxt 0] Action NoAction
[13:04:54.008] [bmv2] [T] [thread 10100] [8.0] [cxt 0] Applying table 'tbl_act_0'
[13:04:54.008] [bmv2] [D] [thread 10100] [8.0] [cxt 0] Looking up key:

[13:04:54.008] [bmv2] [D] [thread 10100] [8.0] [cxt 0] Table 'tbl_act_0': miss
[13:04:54.008] [bmv2] [D] [thread 10100] [8.0] [cxt 0] Action entry is act_0 - 
[13:04:54.008] [bmv2] [T] [thread 10100] [8.0] [cxt 0] Action act_0
[13:04:54.008] [bmv2] [T] [thread 10100] [8.0] [cxt 0] Primitive (no source info)
[13:04:54.008] [bmv2] [T] [thread 10100] [8.0] [cxt 0] Condition "node_11" (node_11) is false
[13:04:54.008] [bmv2] [T] [thread 10100] [8.0] [cxt 0] Applying table 'MyIngress.select_mcast_grp'
[13:04:54.008] [bmv2] [D] [thread 10100] [8.0] [cxt 0] Looking up key:
* standard_metadata.ingress_port: 0005
* hdr.tunnel.pw_id              : 0000

[13:04:54.008] [bmv2] [D] [thread 10100] [8.0] [cxt 0] Table 'MyIngress.select_mcast_grp': miss
[13:04:54.008] [bmv2] [D] [thread 10100] [8.0] [cxt 0] Action entry is MyIngress.drop - 
[13:04:54.008] [bmv2] [T] [thread 10100] [8.0] [cxt 0] Action MyIngress.drop
[13:04:54.008] [bmv2] [T] [thread 10100] [8.0] [cxt 0] p4src/your_pipeline.p4(28) Primitive mark_to_drop(standard_metadata)
[13:04:54.008] [bmv2] [D] [thread 10100] [8.0] [cxt 0] Pipeline 'ingress': end
[13:04:54.008] [bmv2] [D] [thread 10100] [8.0] [cxt 0] Cloning packet at ingress
[13:04:54.008] [bmv2] [D] [thread 10100] [8.0] [cxt 0] Egress port is 511
[13:04:54.008] [bmv2] [D] [thread 10100] [8.0] [cxt 0] Dropping packet at the end of ingress
[13:04:54.008] [bmv2] [D] [thread 10100] [9.0] [cxt 0] Processing packet received on port 5
[13:04:54.008] [bmv2] [D] [thread 10100] [9.0] [cxt 0] Parser 'parser': start
[13:04:54.008] [bmv2] [D] [thread 10100] [9.0] [cxt 0] Parser 'parser' entering state 'start'
[13:04:54.008] [bmv2] [D] [thread 10100] [9.0] [cxt 0] Extracting header 'ethernet_outer'
[13:04:54.008] [bmv2] [D] [thread 10100] [9.0] [cxt 0] Parser state 'start': key is 86dd
[13:04:54.008] [bmv2] [T] [thread 10100] [9.0] [cxt 0] Bytes parsed: 14
[13:04:54.008] [bmv2] [D] [thread 10100] [9.0] [cxt 0] Parser 'parser': end
[13:04:54.008] [bmv2] [D] [thread 10100] [9.0] [cxt 0] Pipeline 'ingress': start
[13:04:54.008] [bmv2] [T] [thread 10100] [9.0] [cxt 0] Applying table 'MyIngress.learning_table'
[13:04:54.008] [bmv2] [D] [thread 10100] [9.0] [cxt 0] Looking up key:
* hdr.ethernet.srcAddr: 000000000000

[13:04:54.008] [bmv2] [D] [thread 10100] [9.0] [cxt 0] Table 'MyIngress.learning_table': miss
[13:04:54.008] [bmv2] [D] [thread 10100] [9.0] [cxt 0] Action entry is MyIngress.mac_learn - 
[13:04:54.008] [bmv2] [T] [thread 10100] [9.0] [cxt 0] Action MyIngress.mac_learn
[13:04:54.008] [bmv2] [T] [thread 10100] [9.0] [cxt 0] p4src/your_pipeline.p4(146) Primitive meta.ingress_port = standard_metadata.ingress_port
[13:04:54.008] [bmv2] [T] [thread 10100] [9.0] [cxt 0] p4src/your_pipeline.p4(147) Primitive clone3(CloneType.I2E, 100, meta)
[13:04:54.008] [bmv2] [T] [thread 10100] [9.0] [cxt 0] Applying table 'MyIngress.whether_encap'
[13:04:54.008] [bmv2] [D] [thread 10100] [9.0] [cxt 0] Looking up key:
* standard_metadata.ingress_port: 0005
* hdr.ethernet.srcAddr          : 000000000000
* hdr.ethernet.dstAddr          : 000000000000

[13:04:54.008] [bmv2] [D] [thread 10100] [9.0] [cxt 0] Table 'MyIngress.whether_encap': miss
[13:04:54.008] [bmv2] [D] [thread 10100] [9.0] [cxt 0] Action entry is NoAction - 
[13:04:54.008] [bmv2] [T] [thread 10100] [9.0] [cxt 0] Action NoAction
[13:04:54.008] [bmv2] [T] [thread 10100] [9.0] [cxt 0] p4src/your_pipeline.p4(223) Condition "hdr.tunnel.isValid()" (node_4) is false
[13:04:54.008] [bmv2] [T] [thread 10100] [9.0] [cxt 0] Applying table 'MyIngress.forward_table'
[13:04:54.008] [bmv2] [D] [thread 10100] [9.0] [cxt 0] Looking up key:
* standard_metadata.ingress_port: 0005
* hdr.ethernet.dstAddr          : 000000000000

[13:04:54.008] [bmv2] [D] [thread 10100] [9.0] [cxt 0] Table 'MyIngress.forward_table': miss
[13:04:54.008] [bmv2] [D] [thread 10100] [9.0] [cxt 0] Action entry is NoAction - 
[13:04:54.008] [bmv2] [T] [thread 10100] [9.0] [cxt 0] Action NoAction
[13:04:54.008] [bmv2] [T] [thread 10100] [9.0] [cxt 0] Applying table 'tbl_act_0'
[13:04:54.008] [bmv2] [D] [thread 10100] [9.0] [cxt 0] Looking up key:

[13:04:54.008] [bmv2] [D] [thread 10100] [9.0] [cxt 0] Table 'tbl_act_0': miss
[13:04:54.008] [bmv2] [D] [thread 10100] [9.0] [cxt 0] Action entry is act_0 - 
[13:04:54.008] [bmv2] [T] [thread 10100] [9.0] [cxt 0] Action act_0
[13:04:54.008] [bmv2] [T] [thread 10100] [9.0] [cxt 0] Primitive (no source info)
[13:04:54.008] [bmv2] [T] [thread 10100] [9.0] [cxt 0] Condition "node_11" (node_11) is false
[13:04:54.008] [bmv2] [T] [thread 10100] [9.0] [cxt 0] Applying table 'MyIngress.select_mcast_grp'
[13:04:54.008] [bmv2] [D] [thread 10100] [9.0] [cxt 0] Looking up key:
* standard_metadata.ingress_port: 0005
* hdr.tunnel.pw_id              : 0000

[13:04:54.008] [bmv2] [D] [thread 10100] [9.0] [cxt 0] Table 'MyIngress.select_mcast_grp': miss
[13:04:54.008] [bmv2] [D] [thread 10100] [9.0] [cxt 0] Action entry is MyIngress.drop - 
[13:04:54.008] [bmv2] [T] [thread 10100] [9.0] [cxt 0] Action MyIngress.drop
[13:04:54.008] [bmv2] [T] [thread 10100] [9.0] [cxt 0] p4src/your_pipeline.p4(28) Primitive mark_to_drop(standard_metadata)
[13:04:54.008] [bmv2] [D] [thread 10100] [9.0] [cxt 0] Pipeline 'ingress': end
[13:04:54.008] [bmv2] [D] [thread 10100] [9.0] [cxt 0] Cloning packet at ingress
[13:04:54.008] [bmv2] [D] [thread 10100] [9.0] [cxt 0] Egress port is 511
[13:04:54.008] [bmv2] [D] [thread 10100] [9.0] [cxt 0] Dropping packet at the end of ingress
[13:04:54.032] [bmv2] [D] [thread 10100] [10.0] [cxt 0] Processing packet received on port 3
[13:04:54.032] [bmv2] [D] [thread 10100] [10.0] [cxt 0] Parser 'parser': start
[13:04:54.032] [bmv2] [D] [thread 10100] [10.0] [cxt 0] Parser 'parser' entering state 'start'
[13:04:54.032] [bmv2] [D] [thread 10100] [10.0] [cxt 0] Extracting header 'ethernet_outer'
[13:04:54.032] [bmv2] [D] [thread 10100] [10.0] [cxt 0] Parser state 'start': key is 86dd
[13:04:54.032] [bmv2] [T] [thread 10100] [10.0] [cxt 0] Bytes parsed: 14
[13:04:54.032] [bmv2] [D] [thread 10100] [10.0] [cxt 0] Parser 'parser': end
[13:04:54.032] [bmv2] [D] [thread 10100] [10.0] [cxt 0] Pipeline 'ingress': start
[13:04:54.032] [bmv2] [T] [thread 10100] [10.0] [cxt 0] Applying table 'MyIngress.learning_table'
[13:04:54.032] [bmv2] [D] [thread 10100] [10.0] [cxt 0] Looking up key:
* hdr.ethernet.srcAddr: 000000000000

[13:04:54.032] [bmv2] [D] [thread 10100] [10.0] [cxt 0] Table 'MyIngress.learning_table': miss
[13:04:54.032] [bmv2] [D] [thread 10100] [10.0] [cxt 0] Action entry is MyIngress.mac_learn - 
[13:04:54.032] [bmv2] [T] [thread 10100] [10.0] [cxt 0] Action MyIngress.mac_learn
[13:04:54.032] [bmv2] [T] [thread 10100] [10.0] [cxt 0] p4src/your_pipeline.p4(146) Primitive meta.ingress_port = standard_metadata.ingress_port
[13:04:54.032] [bmv2] [T] [thread 10100] [10.0] [cxt 0] p4src/your_pipeline.p4(147) Primitive clone3(CloneType.I2E, 100, meta)
[13:04:54.032] [bmv2] [T] [thread 10100] [10.0] [cxt 0] Applying table 'MyIngress.whether_encap'
[13:04:54.032] [bmv2] [D] [thread 10100] [10.0] [cxt 0] Looking up key:
* standard_metadata.ingress_port: 0003
* hdr.ethernet.srcAddr          : 000000000000
* hdr.ethernet.dstAddr          : 000000000000

[13:04:54.032] [bmv2] [D] [thread 10100] [10.0] [cxt 0] Table 'MyIngress.whether_encap': miss
[13:04:54.032] [bmv2] [D] [thread 10100] [10.0] [cxt 0] Action entry is NoAction - 
[13:04:54.032] [bmv2] [T] [thread 10100] [10.0] [cxt 0] Action NoAction
[13:04:54.032] [bmv2] [T] [thread 10100] [10.0] [cxt 0] p4src/your_pipeline.p4(223) Condition "hdr.tunnel.isValid()" (node_4) is false
[13:04:54.032] [bmv2] [T] [thread 10100] [10.0] [cxt 0] Applying table 'MyIngress.forward_table'
[13:04:54.032] [bmv2] [D] [thread 10100] [10.0] [cxt 0] Looking up key:
* standard_metadata.ingress_port: 0003
* hdr.ethernet.dstAddr          : 000000000000

[13:04:54.032] [bmv2] [D] [thread 10100] [10.0] [cxt 0] Table 'MyIngress.forward_table': miss
[13:04:54.032] [bmv2] [D] [thread 10100] [10.0] [cxt 0] Action entry is NoAction - 
[13:04:54.032] [bmv2] [T] [thread 10100] [10.0] [cxt 0] Action NoAction
[13:04:54.032] [bmv2] [T] [thread 10100] [10.0] [cxt 0] Applying table 'tbl_act_0'
[13:04:54.032] [bmv2] [D] [thread 10100] [10.0] [cxt 0] Looking up key:

[13:04:54.032] [bmv2] [D] [thread 10100] [10.0] [cxt 0] Table 'tbl_act_0': miss
[13:04:54.032] [bmv2] [D] [thread 10100] [10.0] [cxt 0] Action entry is act_0 - 
[13:04:54.032] [bmv2] [T] [thread 10100] [10.0] [cxt 0] Action act_0
[13:04:54.032] [bmv2] [T] [thread 10100] [10.0] [cxt 0] Primitive (no source info)
[13:04:54.032] [bmv2] [T] [thread 10100] [10.0] [cxt 0] Condition "node_11" (node_11) is false
[13:04:54.032] [bmv2] [T] [thread 10100] [10.0] [cxt 0] Applying table 'MyIngress.select_mcast_grp'
[13:04:54.032] [bmv2] [D] [thread 10100] [10.0] [cxt 0] Looking up key:
* standard_metadata.ingress_port: 0003
* hdr.tunnel.pw_id              : 0000

[13:04:54.032] [bmv2] [D] [thread 10100] [10.0] [cxt 0] Table 'MyIngress.select_mcast_grp': miss
[13:04:54.032] [bmv2] [D] [thread 10100] [10.0] [cxt 0] Action entry is MyIngress.drop - 
[13:04:54.032] [bmv2] [T] [thread 10100] [10.0] [cxt 0] Action MyIngress.drop
[13:04:54.032] [bmv2] [T] [thread 10100] [10.0] [cxt 0] p4src/your_pipeline.p4(28) Primitive mark_to_drop(standard_metadata)
[13:04:54.032] [bmv2] [D] [thread 10100] [10.0] [cxt 0] Pipeline 'ingress': end
[13:04:54.032] [bmv2] [D] [thread 10100] [10.0] [cxt 0] Cloning packet at ingress
[13:04:54.032] [bmv2] [D] [thread 10100] [10.0] [cxt 0] Egress port is 511
[13:04:54.032] [bmv2] [D] [thread 10100] [10.0] [cxt 0] Dropping packet at the end of ingress
[13:04:54.032] [bmv2] [D] [thread 10100] [11.0] [cxt 0] Processing packet received on port 3
[13:04:54.032] [bmv2] [D] [thread 10100] [11.0] [cxt 0] Parser 'parser': start
[13:04:54.032] [bmv2] [D] [thread 10100] [11.0] [cxt 0] Parser 'parser' entering state 'start'
[13:04:54.032] [bmv2] [D] [thread 10100] [11.0] [cxt 0] Extracting header 'ethernet_outer'
[13:04:54.032] [bmv2] [D] [thread 10100] [11.0] [cxt 0] Parser state 'start': key is 86dd
[13:04:54.032] [bmv2] [T] [thread 10100] [11.0] [cxt 0] Bytes parsed: 14
[13:04:54.032] [bmv2] [D] [thread 10100] [11.0] [cxt 0] Parser 'parser': end
[13:04:54.032] [bmv2] [D] [thread 10100] [11.0] [cxt 0] Pipeline 'ingress': start
[13:04:54.032] [bmv2] [T] [thread 10100] [11.0] [cxt 0] Applying table 'MyIngress.learning_table'
[13:04:54.032] [bmv2] [D] [thread 10100] [11.0] [cxt 0] Looking up key:
* hdr.ethernet.srcAddr: 000000000000

[13:04:54.032] [bmv2] [D] [thread 10100] [11.0] [cxt 0] Table 'MyIngress.learning_table': miss
[13:04:54.032] [bmv2] [D] [thread 10100] [11.0] [cxt 0] Action entry is MyIngress.mac_learn - 
[13:04:54.032] [bmv2] [T] [thread 10100] [11.0] [cxt 0] Action MyIngress.mac_learn
[13:04:54.032] [bmv2] [T] [thread 10100] [11.0] [cxt 0] p4src/your_pipeline.p4(146) Primitive meta.ingress_port = standard_metadata.ingress_port
[13:04:54.032] [bmv2] [T] [thread 10100] [11.0] [cxt 0] p4src/your_pipeline.p4(147) Primitive clone3(CloneType.I2E, 100, meta)
[13:04:54.032] [bmv2] [T] [thread 10100] [11.0] [cxt 0] Applying table 'MyIngress.whether_encap'
[13:04:54.032] [bmv2] [D] [thread 10100] [11.0] [cxt 0] Looking up key:
* standard_metadata.ingress_port: 0003
* hdr.ethernet.srcAddr          : 000000000000
* hdr.ethernet.dstAddr          : 000000000000

[13:04:54.032] [bmv2] [D] [thread 10100] [11.0] [cxt 0] Table 'MyIngress.whether_encap': miss
[13:04:54.032] [bmv2] [D] [thread 10100] [11.0] [cxt 0] Action entry is NoAction - 
[13:04:54.032] [bmv2] [T] [thread 10100] [11.0] [cxt 0] Action NoAction
[13:04:54.032] [bmv2] [T] [thread 10100] [11.0] [cxt 0] p4src/your_pipeline.p4(223) Condition "hdr.tunnel.isValid()" (node_4) is false
[13:04:54.032] [bmv2] [T] [thread 10100] [11.0] [cxt 0] Applying table 'MyIngress.forward_table'
[13:04:54.032] [bmv2] [D] [thread 10100] [11.0] [cxt 0] Looking up key:
* standard_metadata.ingress_port: 0003
* hdr.ethernet.dstAddr          : 000000000000

[13:04:54.032] [bmv2] [D] [thread 10100] [11.0] [cxt 0] Table 'MyIngress.forward_table': miss
[13:04:54.032] [bmv2] [D] [thread 10100] [11.0] [cxt 0] Action entry is NoAction - 
[13:04:54.032] [bmv2] [T] [thread 10100] [11.0] [cxt 0] Action NoAction
[13:04:54.032] [bmv2] [T] [thread 10100] [11.0] [cxt 0] Applying table 'tbl_act_0'
[13:04:54.032] [bmv2] [D] [thread 10100] [11.0] [cxt 0] Looking up key:

[13:04:54.032] [bmv2] [D] [thread 10100] [11.0] [cxt 0] Table 'tbl_act_0': miss
[13:04:54.032] [bmv2] [D] [thread 10100] [11.0] [cxt 0] Action entry is act_0 - 
[13:04:54.032] [bmv2] [T] [thread 10100] [11.0] [cxt 0] Action act_0
[13:04:54.032] [bmv2] [T] [thread 10100] [11.0] [cxt 0] Primitive (no source info)
[13:04:54.032] [bmv2] [T] [thread 10100] [11.0] [cxt 0] Condition "node_11" (node_11) is false
[13:04:54.032] [bmv2] [T] [thread 10100] [11.0] [cxt 0] Applying table 'MyIngress.select_mcast_grp'
[13:04:54.032] [bmv2] [D] [thread 10100] [11.0] [cxt 0] Looking up key:
* standard_metadata.ingress_port: 0003
* hdr.tunnel.pw_id              : 0000

[13:04:54.032] [bmv2] [D] [thread 10100] [11.0] [cxt 0] Table 'MyIngress.select_mcast_grp': miss
[13:04:54.032] [bmv2] [D] [thread 10100] [11.0] [cxt 0] Action entry is MyIngress.drop - 
[13:04:54.032] [bmv2] [T] [thread 10100] [11.0] [cxt 0] Action MyIngress.drop
[13:04:54.032] [bmv2] [T] [thread 10100] [11.0] [cxt 0] p4src/your_pipeline.p4(28) Primitive mark_to_drop(standard_metadata)
[13:04:54.032] [bmv2] [D] [thread 10100] [11.0] [cxt 0] Pipeline 'ingress': end
[13:04:54.032] [bmv2] [D] [thread 10100] [11.0] [cxt 0] Cloning packet at ingress
[13:04:54.032] [bmv2] [D] [thread 10100] [11.0] [cxt 0] Egress port is 511
[13:04:54.033] [bmv2] [D] [thread 10100] [11.0] [cxt 0] Dropping packet at the end of ingress
[13:04:54.083] [bmv2] [D] [thread 10100] [12.0] [cxt 0] Processing packet received on port 4
[13:04:54.083] [bmv2] [D] [thread 10100] [12.0] [cxt 0] Parser 'parser': start
[13:04:54.083] [bmv2] [D] [thread 10100] [12.0] [cxt 0] Parser 'parser' entering state 'start'
[13:04:54.083] [bmv2] [D] [thread 10100] [12.0] [cxt 0] Extracting header 'ethernet_outer'
[13:04:54.083] [bmv2] [D] [thread 10100] [12.0] [cxt 0] Parser state 'start': key is 86dd
[13:04:54.083] [bmv2] [T] [thread 10100] [12.0] [cxt 0] Bytes parsed: 14
[13:04:54.083] [bmv2] [D] [thread 10100] [12.0] [cxt 0] Parser 'parser': end
[13:04:54.083] [bmv2] [D] [thread 10100] [12.0] [cxt 0] Pipeline 'ingress': start
[13:04:54.083] [bmv2] [T] [thread 10100] [12.0] [cxt 0] Applying table 'MyIngress.learning_table'
[13:04:54.083] [bmv2] [D] [thread 10100] [12.0] [cxt 0] Looking up key:
* hdr.ethernet.srcAddr: 000000000000

[13:04:54.083] [bmv2] [D] [thread 10100] [12.0] [cxt 0] Table 'MyIngress.learning_table': miss
[13:04:54.083] [bmv2] [D] [thread 10100] [12.0] [cxt 0] Action entry is MyIngress.mac_learn - 
[13:04:54.083] [bmv2] [T] [thread 10100] [12.0] [cxt 0] Action MyIngress.mac_learn
[13:04:54.083] [bmv2] [T] [thread 10100] [12.0] [cxt 0] p4src/your_pipeline.p4(146) Primitive meta.ingress_port = standard_metadata.ingress_port
[13:04:54.083] [bmv2] [T] [thread 10100] [12.0] [cxt 0] p4src/your_pipeline.p4(147) Primitive clone3(CloneType.I2E, 100, meta)
[13:04:54.083] [bmv2] [T] [thread 10100] [12.0] [cxt 0] Applying table 'MyIngress.whether_encap'
[13:04:54.083] [bmv2] [D] [thread 10100] [12.0] [cxt 0] Looking up key:
* standard_metadata.ingress_port: 0004
* hdr.ethernet.srcAddr          : 000000000000
* hdr.ethernet.dstAddr          : 000000000000

[13:04:54.083] [bmv2] [D] [thread 10100] [12.0] [cxt 0] Table 'MyIngress.whether_encap': miss
[13:04:54.083] [bmv2] [D] [thread 10100] [12.0] [cxt 0] Action entry is NoAction - 
[13:04:54.083] [bmv2] [T] [thread 10100] [12.0] [cxt 0] Action NoAction
[13:04:54.083] [bmv2] [T] [thread 10100] [12.0] [cxt 0] p4src/your_pipeline.p4(223) Condition "hdr.tunnel.isValid()" (node_4) is false
[13:04:54.083] [bmv2] [T] [thread 10100] [12.0] [cxt 0] Applying table 'MyIngress.forward_table'
[13:04:54.083] [bmv2] [D] [thread 10100] [12.0] [cxt 0] Looking up key:
* standard_metadata.ingress_port: 0004
* hdr.ethernet.dstAddr          : 000000000000

[13:04:54.083] [bmv2] [D] [thread 10100] [12.0] [cxt 0] Table 'MyIngress.forward_table': miss
[13:04:54.083] [bmv2] [D] [thread 10100] [12.0] [cxt 0] Action entry is NoAction - 
[13:04:54.083] [bmv2] [T] [thread 10100] [12.0] [cxt 0] Action NoAction
[13:04:54.083] [bmv2] [T] [thread 10100] [12.0] [cxt 0] Applying table 'tbl_act_0'
[13:04:54.083] [bmv2] [D] [thread 10100] [12.0] [cxt 0] Looking up key:

[13:04:54.083] [bmv2] [D] [thread 10100] [12.0] [cxt 0] Table 'tbl_act_0': miss
[13:04:54.083] [bmv2] [D] [thread 10100] [12.0] [cxt 0] Action entry is act_0 - 
[13:04:54.083] [bmv2] [T] [thread 10100] [12.0] [cxt 0] Action act_0
[13:04:54.083] [bmv2] [T] [thread 10100] [12.0] [cxt 0] Primitive (no source info)
[13:04:54.083] [bmv2] [T] [thread 10100] [12.0] [cxt 0] Condition "node_11" (node_11) is false
[13:04:54.083] [bmv2] [T] [thread 10100] [12.0] [cxt 0] Applying table 'MyIngress.select_mcast_grp'
[13:04:54.083] [bmv2] [D] [thread 10100] [12.0] [cxt 0] Looking up key:
* standard_metadata.ingress_port: 0004
* hdr.tunnel.pw_id              : 0000

[13:04:54.083] [bmv2] [D] [thread 10100] [12.0] [cxt 0] Table 'MyIngress.select_mcast_grp': miss
[13:04:54.083] [bmv2] [D] [thread 10100] [12.0] [cxt 0] Action entry is MyIngress.drop - 
[13:04:54.083] [bmv2] [T] [thread 10100] [12.0] [cxt 0] Action MyIngress.drop
[13:04:54.083] [bmv2] [T] [thread 10100] [12.0] [cxt 0] p4src/your_pipeline.p4(28) Primitive mark_to_drop(standard_metadata)
[13:04:54.083] [bmv2] [D] [thread 10100] [12.0] [cxt 0] Pipeline 'ingress': end
[13:04:54.083] [bmv2] [D] [thread 10100] [12.0] [cxt 0] Cloning packet at ingress
[13:04:54.083] [bmv2] [D] [thread 10100] [12.0] [cxt 0] Egress port is 511
[13:04:54.083] [bmv2] [D] [thread 10100] [12.0] [cxt 0] Dropping packet at the end of ingress
[13:04:54.083] [bmv2] [D] [thread 10100] [13.0] [cxt 0] Processing packet received on port 4
[13:04:54.083] [bmv2] [D] [thread 10100] [13.0] [cxt 0] Parser 'parser': start
[13:04:54.083] [bmv2] [D] [thread 10100] [13.0] [cxt 0] Parser 'parser' entering state 'start'
[13:04:54.083] [bmv2] [D] [thread 10100] [13.0] [cxt 0] Extracting header 'ethernet_outer'
[13:04:54.083] [bmv2] [D] [thread 10100] [13.0] [cxt 0] Parser state 'start': key is 86dd
[13:04:54.083] [bmv2] [T] [thread 10100] [13.0] [cxt 0] Bytes parsed: 14
[13:04:54.083] [bmv2] [D] [thread 10100] [13.0] [cxt 0] Parser 'parser': end
[13:04:54.083] [bmv2] [D] [thread 10100] [13.0] [cxt 0] Pipeline 'ingress': start
[13:04:54.083] [bmv2] [T] [thread 10100] [13.0] [cxt 0] Applying table 'MyIngress.learning_table'
[13:04:54.083] [bmv2] [D] [thread 10100] [13.0] [cxt 0] Looking up key:
* hdr.ethernet.srcAddr: 000000000000

[13:04:54.083] [bmv2] [D] [thread 10100] [13.0] [cxt 0] Table 'MyIngress.learning_table': miss
[13:04:54.083] [bmv2] [D] [thread 10100] [13.0] [cxt 0] Action entry is MyIngress.mac_learn - 
[13:04:54.083] [bmv2] [T] [thread 10100] [13.0] [cxt 0] Action MyIngress.mac_learn
[13:04:54.083] [bmv2] [T] [thread 10100] [13.0] [cxt 0] p4src/your_pipeline.p4(146) Primitive meta.ingress_port = standard_metadata.ingress_port
[13:04:54.083] [bmv2] [T] [thread 10100] [13.0] [cxt 0] p4src/your_pipeline.p4(147) Primitive clone3(CloneType.I2E, 100, meta)
[13:04:54.083] [bmv2] [T] [thread 10100] [13.0] [cxt 0] Applying table 'MyIngress.whether_encap'
[13:04:54.083] [bmv2] [D] [thread 10100] [13.0] [cxt 0] Looking up key:
* standard_metadata.ingress_port: 0004
* hdr.ethernet.srcAddr          : 000000000000
* hdr.ethernet.dstAddr          : 000000000000

[13:04:54.083] [bmv2] [D] [thread 10100] [13.0] [cxt 0] Table 'MyIngress.whether_encap': miss
[13:04:54.083] [bmv2] [D] [thread 10100] [13.0] [cxt 0] Action entry is NoAction - 
[13:04:54.083] [bmv2] [T] [thread 10100] [13.0] [cxt 0] Action NoAction
[13:04:54.083] [bmv2] [T] [thread 10100] [13.0] [cxt 0] p4src/your_pipeline.p4(223) Condition "hdr.tunnel.isValid()" (node_4) is false
[13:04:54.083] [bmv2] [T] [thread 10100] [13.0] [cxt 0] Applying table 'MyIngress.forward_table'
[13:04:54.083] [bmv2] [D] [thread 10100] [13.0] [cxt 0] Looking up key:
* standard_metadata.ingress_port: 0004
* hdr.ethernet.dstAddr          : 000000000000

[13:04:54.083] [bmv2] [D] [thread 10100] [13.0] [cxt 0] Table 'MyIngress.forward_table': miss
[13:04:54.083] [bmv2] [D] [thread 10100] [13.0] [cxt 0] Action entry is NoAction - 
[13:04:54.083] [bmv2] [T] [thread 10100] [13.0] [cxt 0] Action NoAction
[13:04:54.083] [bmv2] [T] [thread 10100] [13.0] [cxt 0] Applying table 'tbl_act_0'
[13:04:54.083] [bmv2] [D] [thread 10100] [13.0] [cxt 0] Looking up key:

[13:04:54.083] [bmv2] [D] [thread 10100] [13.0] [cxt 0] Table 'tbl_act_0': miss
[13:04:54.083] [bmv2] [D] [thread 10100] [13.0] [cxt 0] Action entry is act_0 - 
[13:04:54.083] [bmv2] [T] [thread 10100] [13.0] [cxt 0] Action act_0
[13:04:54.083] [bmv2] [T] [thread 10100] [13.0] [cxt 0] Primitive (no source info)
[13:04:54.083] [bmv2] [T] [thread 10100] [13.0] [cxt 0] Condition "node_11" (node_11) is false
[13:04:54.083] [bmv2] [T] [thread 10100] [13.0] [cxt 0] Applying table 'MyIngress.select_mcast_grp'
[13:04:54.083] [bmv2] [D] [thread 10100] [13.0] [cxt 0] Looking up key:
* standard_metadata.ingress_port: 0004
* hdr.tunnel.pw_id              : 0000

[13:04:54.083] [bmv2] [D] [thread 10100] [13.0] [cxt 0] Table 'MyIngress.select_mcast_grp': miss
[13:04:54.083] [bmv2] [D] [thread 10100] [13.0] [cxt 0] Action entry is MyIngress.drop - 
[13:04:54.083] [bmv2] [T] [thread 10100] [13.0] [cxt 0] Action MyIngress.drop
[13:04:54.083] [bmv2] [T] [thread 10100] [13.0] [cxt 0] p4src/your_pipeline.p4(28) Primitive mark_to_drop(standard_metadata)
[13:04:54.083] [bmv2] [D] [thread 10100] [13.0] [cxt 0] Pipeline 'ingress': end
[13:04:54.083] [bmv2] [D] [thread 10100] [13.0] [cxt 0] Cloning packet at ingress
[13:04:54.083] [bmv2] [D] [thread 10100] [13.0] [cxt 0] Egress port is 511
[13:04:54.083] [bmv2] [D] [thread 10100] [13.0] [cxt 0] Dropping packet at the end of ingress
[13:05:09.277] [bmv2] [T] [thread 10347] bm_get_config
[13:05:09.284] [bmv2] [T] [thread 10347] bm_mt_get_entries
[13:05:09.285] [bmv2] [T] [thread 10347] bm_mt_get_entries
[13:05:09.285] [bmv2] [T] [thread 10347] bm_mt_get_entries
[13:05:09.286] [bmv2] [T] [thread 10347] bm_mt_get_entries
[13:05:09.286] [bmv2] [T] [thread 10347] bm_mt_get_entries
[13:05:09.287] [bmv2] [T] [thread 10347] bm_mt_get_entries
[13:05:09.287] [bmv2] [T] [thread 10347] bm_mt_get_entries
[13:05:09.288] [bmv2] [T] [thread 10347] bm_mt_get_entries
[13:05:09.288] [bmv2] [T] [thread 10347] bm_mt_get_entries
[13:05:09.289] [bmv2] [T] [thread 10347] bm_mt_get_entries
[13:05:09.289] [bmv2] [T] [thread 10347] bm_mt_get_entries
[13:05:09.290] [bmv2] [T] [thread 10347] bm_mt_get_entries
[13:05:09.290] [bmv2] [T] [thread 10347] bm_mt_get_entries
[13:05:09.291] [bmv2] [T] [thread 10347] bm_reset_state
[13:05:09.298] [bmv2] [D] [thread 10347] Resetting simple_switch target-specific state
[13:05:09.298] [bmv2] [D] [thread 10347] resetting PRE state
[13:05:09.298] [bmv2] [T] [thread 10348] mirroring_sesssion_add
[13:05:09.300] [bmv2] [T] [thread 10347] bm_table_add_entry
[13:05:09.300] [bmv2] [D] [thread 10347] Entry 0 added to table 'MyIngress.forward_table'
[13:05:09.300] [bmv2] [D] [thread 10347] Dumping entry 0
Match key:
* standard_metadata.ingress_port: EXACT     0004
* hdr.ethernet.dstAddr          : EXACT     00000a000003
Action entry: MyIngress.forward - 3,

[13:05:09.300] [bmv2] [T] [thread 10347] bm_table_add_entry
[13:05:09.300] [bmv2] [D] [thread 10347] Entry 1 added to table 'MyIngress.forward_table'
[13:05:09.300] [bmv2] [D] [thread 10347] Dumping entry 1
Match key:
* standard_metadata.ingress_port: EXACT     0003
* hdr.ethernet.dstAddr          : EXACT     00000a000004
Action entry: MyIngress.forward - 4,

[13:05:09.302] [bmv2] [T] [thread 10347] bm_table_add_entry
[13:05:09.302] [bmv2] [D] [thread 10347] Entry 2 added to table 'MyIngress.forward_table'
[13:05:09.302] [bmv2] [D] [thread 10347] Dumping entry 2
Match key:
* standard_metadata.ingress_port: EXACT     0001
* hdr.ethernet.dstAddr          : EXACT     00000a000002
Action entry: MyIngress.forward - 2,

[13:05:09.308] [bmv2] [T] [thread 10347] bm_table_add_entry
[13:05:09.308] [bmv2] [D] [thread 10347] Entry 3 added to table 'MyIngress.forward_table'
[13:05:09.309] [bmv2] [D] [thread 10347] Dumping entry 3
Match key:
* standard_metadata.ingress_port: EXACT     0002
* hdr.ethernet.dstAddr          : EXACT     00000a000001
Action entry: MyIngress.forward - 1,

[13:05:09.316] [bmv2] [T] [thread 10347] bm_mc_mgrp_create
[13:05:09.316] [bmv2] [D] [thread 10347] mgrp node created for mgid 1
[13:05:09.317] [bmv2] [T] [thread 10347] bm_mc_node_create
[13:05:09.317] [bmv2] [D] [thread 10347] node created for rid 0
[13:05:09.318] [bmv2] [T] [thread 10347] bm_mc_node_associate
[13:05:09.318] [bmv2] [D] [thread 10347] node associated with mgid 1
[13:05:09.320] [bmv2] [T] [thread 10347] bm_mc_mgrp_create
[13:05:09.320] [bmv2] [D] [thread 10347] mgrp node created for mgid 2
[13:05:09.322] [bmv2] [T] [thread 10347] bm_mc_node_create
[13:05:09.322] [bmv2] [D] [thread 10347] node created for rid 0
[13:05:09.326] [bmv2] [T] [thread 10347] bm_mc_node_associate
[13:05:09.326] [bmv2] [D] [thread 10347] node associated with mgid 2
[13:05:09.329] [bmv2] [T] [thread 10347] bm_mc_mgrp_create
[13:05:09.329] [bmv2] [D] [thread 10347] mgrp node created for mgid 3
[13:05:09.329] [bmv2] [T] [thread 10347] bm_mc_node_create
[13:05:09.329] [bmv2] [D] [thread 10347] node created for rid 0
[13:05:09.329] [bmv2] [T] [thread 10347] bm_mc_node_associate
[13:05:09.329] [bmv2] [D] [thread 10347] node associated with mgid 3
[13:05:09.330] [bmv2] [T] [thread 10347] bm_mc_mgrp_create
[13:05:09.330] [bmv2] [D] [thread 10347] mgrp node created for mgid 4
[13:05:09.331] [bmv2] [T] [thread 10347] bm_mc_node_create
[13:05:09.331] [bmv2] [D] [thread 10347] node created for rid 0
[13:05:09.332] [bmv2] [T] [thread 10347] bm_mc_node_associate
[13:05:09.332] [bmv2] [D] [thread 10347] node associated with mgid 4
[13:05:09.346] [bmv2] [T] [thread 10347] bm_mc_mgrp_create
[13:05:09.346] [bmv2] [D] [thread 10347] mgrp node created for mgid 1
[13:05:09.348] [bmv2] [T] [thread 10347] bm_mc_node_create
[13:05:09.348] [bmv2] [D] [thread 10347] node created for rid 0
[13:05:09.348] [bmv2] [T] [thread 10347] bm_mc_node_associate
[13:05:09.348] [bmv2] [D] [thread 10347] node associated with mgid 1
[13:05:09.348] [bmv2] [T] [thread 10347] bm_mc_mgrp_create
[13:05:09.348] [bmv2] [D] [thread 10347] mgrp node created for mgid 2
[13:05:09.348] [bmv2] [T] [thread 10347] bm_mc_node_create
[13:05:09.349] [bmv2] [D] [thread 10347] node created for rid 0
[13:05:09.350] [bmv2] [T] [thread 10347] bm_mc_node_associate
[13:05:09.350] [bmv2] [D] [thread 10347] node associated with mgid 2
[13:05:09.354] [bmv2] [T] [thread 10349] bm_get_config
[13:05:09.357] [bmv2] [T] [thread 10349] bm_mt_get_entries
[13:05:09.358] [bmv2] [T] [thread 10349] bm_mt_get_entries
[13:05:09.359] [bmv2] [T] [thread 10349] bm_mt_get_entries
[13:05:09.360] [bmv2] [T] [thread 10349] bm_mt_get_entries
[13:05:09.362] [bmv2] [T] [thread 10349] bm_mt_get_entries
[13:05:09.362] [bmv2] [T] [thread 10349] bm_mt_get_entries
[13:05:09.363] [bmv2] [T] [thread 10349] bm_mt_get_entries
[13:05:09.364] [bmv2] [T] [thread 10349] bm_mt_get_entries
[13:05:09.364] [bmv2] [T] [thread 10349] bm_mt_get_entries
[13:05:09.365] [bmv2] [T] [thread 10349] bm_mt_get_entries
[13:05:09.366] [bmv2] [T] [thread 10349] bm_mt_get_entries
[13:05:09.367] [bmv2] [T] [thread 10349] bm_mt_get_entries
[13:05:09.367] [bmv2] [T] [thread 10349] bm_mt_get_entries
