Warning: you requested the nanomsg event logger, but bmv2 was compiled without -DBMELOG, and the event logger cannot be activated
Calling target program-options parser
[12:54:45.097] [bmv2] [D] [thread 7423] Set default default entry for table 'MyIngress.learning_table': MyIngress.mac_learn - 
[12:54:45.099] [bmv2] [D] [thread 7423] Set default default entry for table 'MyIngress.whether_encap': NoAction - 
[12:54:45.100] [bmv2] [D] [thread 7423] Set default default entry for table 'MyIngress.whether_decap_nhop': NoAction - 
[12:54:45.101] [bmv2] [D] [thread 7423] Set default default entry for table 'MyIngress.tunnel_ecmp': MyIngress.drop - 
[12:54:45.101] [bmv2] [D] [thread 7423] Set default default entry for table 'MyIngress.ecmp_group_to_nhop': NoAction - 
[12:54:45.103] [bmv2] [D] [thread 7423] Set default default entry for table 'MyIngress.forward_table': NoAction - 
[12:54:45.103] [bmv2] [D] [thread 7423] Set default default entry for table 'tbl_act': act - 
[12:54:45.103] [bmv2] [D] [thread 7423] Set default default entry for table 'tbl_act_0': act_0 - 
[12:54:45.104] [bmv2] [D] [thread 7423] Set default default entry for table 'MyIngress.ipv4_lpm': MyIngress.drop - 
[12:54:45.105] [bmv2] [D] [thread 7423] Set default default entry for table 'MyIngress.tunnel_forward_table': NoAction - 
[12:54:45.105] [bmv2] [D] [thread 7423] Set default default entry for table 'tbl_act_1': act_1 - 
[12:54:45.106] [bmv2] [D] [thread 7423] Set default default entry for table 'tbl_act_2': act_2 - 
[12:54:45.107] [bmv2] [D] [thread 7423] Set default default entry for table 'MyIngress.select_mcast_grp': NoAction - 
[12:54:45.109] [bmv2] [D] [thread 7423] Set default default entry for table 'tbl_your_pipeline275': your_pipeline275 - 
[12:54:45.109] [bmv2] [D] [thread 7423] Set default default entry for table 'tbl_your_pipeline279': your_pipeline279 - 
[12:54:45.110] [bmv2] [D] [thread 7423] Set default default entry for table 'tbl_your_pipeline283': your_pipeline283 - 
[12:54:45.111] [bmv2] [D] [thread 7423] Set default default entry for table 'MyEgress.whether_encap_egress': NoAction - 
Adding interface s2-eth1 as port 1
[12:54:45.124] [bmv2] [D] [thread 7423] Adding interface s2-eth1 as port 1
Adding interface s2-eth2 as port 2
[12:54:45.155] [bmv2] [D] [thread 7423] Adding interface s2-eth2 as port 2
Adding interface s2-eth3 as port 3
[12:54:45.195] [bmv2] [D] [thread 7423] Adding interface s2-eth3 as port 3
Adding interface s2-cpu-eth0 as port 4
[12:54:45.237] [bmv2] [D] [thread 7423] Adding interface s2-cpu-eth0 as port 4
[12:54:45.286] [bmv2] [I] [thread 7423] Starting Thrift server on port 9091
[12:54:45.287] [bmv2] [I] [thread 7423] Thrift server was started
[12:54:46.975] [bmv2] [D] [thread 7429] [0.0] [cxt 0] Processing packet received on port 1
[12:54:46.976] [bmv2] [D] [thread 7429] [0.0] [cxt 0] Parser 'parser': start
[12:54:46.976] [bmv2] [D] [thread 7429] [0.0] [cxt 0] Parser 'parser' entering state 'start'
[12:54:46.976] [bmv2] [D] [thread 7429] [0.0] [cxt 0] Extracting header 'ethernet_outer'
[12:54:46.977] [bmv2] [D] [thread 7429] [0.0] [cxt 0] Parser state 'start': key is 86dd
[12:54:46.977] [bmv2] [T] [thread 7429] [0.0] [cxt 0] Bytes parsed: 14
[12:54:46.977] [bmv2] [D] [thread 7429] [0.0] [cxt 0] Parser 'parser': end
[12:54:46.977] [bmv2] [D] [thread 7429] [0.0] [cxt 0] Pipeline 'ingress': start
[12:54:46.978] [bmv2] [T] [thread 7429] [0.0] [cxt 0] Applying table 'MyIngress.learning_table'
[12:54:46.979] [bmv2] [D] [thread 7429] [0.0] [cxt 0] Looking up key:
* hdr.ethernet.srcAddr: 000000000000

[12:54:46.979] [bmv2] [D] [thread 7429] [0.0] [cxt 0] Table 'MyIngress.learning_table': miss
[12:54:46.979] [bmv2] [D] [thread 7429] [0.0] [cxt 0] Action entry is MyIngress.mac_learn - 
[12:54:46.979] [bmv2] [T] [thread 7429] [0.0] [cxt 0] Action MyIngress.mac_learn
[12:54:46.979] [bmv2] [T] [thread 7429] [0.0] [cxt 0] p4src/your_pipeline.p4(145) Primitive meta.ingress_port = standard_metadata.ingress_port
[12:54:46.979] [bmv2] [T] [thread 7429] [0.0] [cxt 0] p4src/your_pipeline.p4(146) Primitive clone3(CloneType.I2E, 100, meta)
[12:54:46.980] [bmv2] [T] [thread 7429] [0.0] [cxt 0] Applying table 'MyIngress.whether_encap'
[12:54:46.981] [bmv2] [D] [thread 7429] [0.0] [cxt 0] Looking up key:
* standard_metadata.ingress_port: 0001
* hdr.ethernet.srcAddr          : 000000000000
* hdr.ethernet.dstAddr          : 000000000000

[12:54:46.981] [bmv2] [D] [thread 7429] [0.0] [cxt 0] Table 'MyIngress.whether_encap': miss
[12:54:46.982] [bmv2] [D] [thread 7429] [0.0] [cxt 0] Action entry is NoAction - 
[12:54:46.982] [bmv2] [T] [thread 7429] [0.0] [cxt 0] Action NoAction
[12:54:46.982] [bmv2] [T] [thread 7429] [0.0] [cxt 0] p4src/your_pipeline.p4(222) Condition "hdr.tunnel.isValid()" (node_4) is false
[12:54:46.983] [bmv2] [T] [thread 7429] [0.0] [cxt 0] Applying table 'MyIngress.forward_table'
[12:54:46.983] [bmv2] [D] [thread 7429] [0.0] [cxt 0] Looking up key:
* standard_metadata.ingress_port: 0001
* hdr.ethernet.dstAddr          : 000000000000

[12:54:46.983] [bmv2] [D] [thread 7429] [0.0] [cxt 0] Table 'MyIngress.forward_table': miss
[12:54:46.984] [bmv2] [D] [thread 7429] [0.0] [cxt 0] Action entry is NoAction - 
[12:54:46.984] [bmv2] [T] [thread 7429] [0.0] [cxt 0] Action NoAction
[12:54:46.984] [bmv2] [T] [thread 7429] [0.0] [cxt 0] Applying table 'tbl_act_0'
[12:54:46.984] [bmv2] [D] [thread 7429] [0.0] [cxt 0] Looking up key:

[12:54:46.985] [bmv2] [D] [thread 7429] [0.0] [cxt 0] Table 'tbl_act_0': miss
[12:54:46.985] [bmv2] [D] [thread 7429] [0.0] [cxt 0] Action entry is act_0 - 
[12:54:46.985] [bmv2] [T] [thread 7429] [0.0] [cxt 0] Action act_0
[12:54:46.985] [bmv2] [T] [thread 7429] [0.0] [cxt 0] Primitive (no source info)
[12:54:46.985] [bmv2] [T] [thread 7429] [0.0] [cxt 0] Condition "node_11" (node_11) is false
[12:54:46.985] [bmv2] [T] [thread 7429] [0.0] [cxt 0] p4src/your_pipeline.p4(232) Condition "hdr.ipv4.isValid()" (node_12) is false
[12:54:46.985] [bmv2] [T] [thread 7429] [0.0] [cxt 0] Applying table 'MyIngress.tunnel_forward_table'
[12:54:46.986] [bmv2] [D] [thread 7429] [0.0] [cxt 0] Looking up key:
* standard_metadata.ingress_port: 0001
* hdr.tunnel.tunnel_id          : 0000
* hdr.tunnel.pw_id              : 0000

[12:54:46.986] [bmv2] [D] [thread 7429] [0.0] [cxt 0] Table 'MyIngress.tunnel_forward_table': miss
[12:54:46.986] [bmv2] [D] [thread 7429] [0.0] [cxt 0] Action entry is NoAction - 
[12:54:46.986] [bmv2] [T] [thread 7429] [0.0] [cxt 0] Action NoAction
[12:54:46.987] [bmv2] [T] [thread 7429] [0.0] [cxt 0] Applying table 'tbl_act_2'
[12:54:46.987] [bmv2] [D] [thread 7429] [0.0] [cxt 0] Looking up key:

[12:54:46.987] [bmv2] [D] [thread 7429] [0.0] [cxt 0] Table 'tbl_act_2': miss
[12:54:46.988] [bmv2] [D] [thread 7429] [0.0] [cxt 0] Action entry is act_2 - 
[12:54:46.990] [bmv2] [T] [thread 7429] [0.0] [cxt 0] Action act_2
[12:54:46.991] [bmv2] [T] [thread 7429] [0.0] [cxt 0] Primitive (no source info)
[12:54:46.991] [bmv2] [T] [thread 7429] [0.0] [cxt 0] Condition "node_18" (node_18) is false
[12:54:46.991] [bmv2] [T] [thread 7429] [0.0] [cxt 0] Applying table 'MyIngress.select_mcast_grp'
[12:54:46.992] [bmv2] [D] [thread 7429] [0.0] [cxt 0] Looking up key:
* standard_metadata.ingress_port: 0001

[12:54:46.992] [bmv2] [D] [thread 7429] [0.0] [cxt 0] Table 'MyIngress.select_mcast_grp': miss
[12:54:46.992] [bmv2] [D] [thread 7429] [0.0] [cxt 0] Action entry is NoAction - 
[12:54:46.992] [bmv2] [T] [thread 7429] [0.0] [cxt 0] Action NoAction
[12:54:46.993] [bmv2] [D] [thread 7429] [0.0] [cxt 0] Pipeline 'ingress': end
[12:54:46.993] [bmv2] [D] [thread 7429] [0.0] [cxt 0] Cloning packet at ingress
[12:54:46.993] [bmv2] [D] [thread 7429] [0.0] [cxt 0] Egress port is 0
[12:54:46.993] [bmv2] [D] [thread 7430] [0.0] [cxt 0] Pipeline 'egress': start
[12:54:46.993] [bmv2] [T] [thread 7430] [0.0] [cxt 0] p4src/your_pipeline.p4(274) Condition "standard_metadata.instance_type == 1" (node_22) is false
[12:54:46.994] [bmv2] [T] [thread 7430] [0.0] [cxt 0] p4src/your_pipeline.p4(288) Condition "standard_metadata.egress_rid != 0" (node_27) is false
[12:54:46.994] [bmv2] [D] [thread 7430] [0.0] [cxt 0] Pipeline 'egress': end
[12:54:46.994] [bmv2] [D] [thread 7430] [0.0] [cxt 0] Deparser 'deparser': start
[12:54:46.994] [bmv2] [T] [thread 7430] [0.0] [cxt 0] Skipping checksum 'cksum' update because condition not met
[12:54:46.994] [bmv2] [D] [thread 7430] [0.0] [cxt 0] Deparsing header 'ethernet_outer'
[12:54:46.995] [bmv2] [D] [thread 7430] [0.0] [cxt 0] Deparser 'deparser': end
[12:54:46.996] [bmv2] [D] [thread 7434] [0.0] [cxt 0] Transmitting packet of size 70 out of port 0
[12:54:47.341] [bmv2] [D] [thread 7429] [1.0] [cxt 0] Processing packet received on port 1
[12:54:47.342] [bmv2] [D] [thread 7429] [1.0] [cxt 0] Parser 'parser': start
[12:54:47.343] [bmv2] [D] [thread 7429] [1.0] [cxt 0] Parser 'parser' entering state 'start'
[12:54:47.343] [bmv2] [D] [thread 7429] [1.0] [cxt 0] Extracting header 'ethernet_outer'
[12:54:47.344] [bmv2] [D] [thread 7429] [1.0] [cxt 0] Parser state 'start': key is 86dd
[12:54:47.344] [bmv2] [T] [thread 7429] [1.0] [cxt 0] Bytes parsed: 14
[12:54:47.344] [bmv2] [D] [thread 7429] [1.0] [cxt 0] Parser 'parser': end
[12:54:47.345] [bmv2] [D] [thread 7429] [1.0] [cxt 0] Pipeline 'ingress': start
[12:54:47.345] [bmv2] [T] [thread 7429] [1.0] [cxt 0] Applying table 'MyIngress.learning_table'
[12:54:47.346] [bmv2] [D] [thread 7429] [1.0] [cxt 0] Looking up key:
* hdr.ethernet.srcAddr: 000000000000

[12:54:47.347] [bmv2] [D] [thread 7429] [1.0] [cxt 0] Table 'MyIngress.learning_table': miss
[12:54:47.347] [bmv2] [D] [thread 7429] [1.0] [cxt 0] Action entry is MyIngress.mac_learn - 
[12:54:47.348] [bmv2] [T] [thread 7429] [1.0] [cxt 0] Action MyIngress.mac_learn
[12:54:47.348] [bmv2] [T] [thread 7429] [1.0] [cxt 0] p4src/your_pipeline.p4(145) Primitive meta.ingress_port = standard_metadata.ingress_port
[12:54:47.348] [bmv2] [T] [thread 7429] [1.0] [cxt 0] p4src/your_pipeline.p4(146) Primitive clone3(CloneType.I2E, 100, meta)
[12:54:47.349] [bmv2] [T] [thread 7429] [1.0] [cxt 0] Applying table 'MyIngress.whether_encap'
[12:54:47.349] [bmv2] [D] [thread 7429] [1.0] [cxt 0] Looking up key:
* standard_metadata.ingress_port: 0001
* hdr.ethernet.srcAddr          : 000000000000
* hdr.ethernet.dstAddr          : 000000000000

[12:54:47.350] [bmv2] [D] [thread 7429] [1.0] [cxt 0] Table 'MyIngress.whether_encap': miss
[12:54:47.350] [bmv2] [D] [thread 7429] [1.0] [cxt 0] Action entry is NoAction - 
[12:54:47.352] [bmv2] [T] [thread 7429] [1.0] [cxt 0] Action NoAction
[12:54:47.353] [bmv2] [T] [thread 7429] [1.0] [cxt 0] p4src/your_pipeline.p4(222) Condition "hdr.tunnel.isValid()" (node_4) is false
[12:54:47.353] [bmv2] [T] [thread 7429] [1.0] [cxt 0] Applying table 'MyIngress.forward_table'
[12:54:47.353] [bmv2] [D] [thread 7429] [1.0] [cxt 0] Looking up key:
* standard_metadata.ingress_port: 0001
* hdr.ethernet.dstAddr          : 000000000000

[12:54:47.354] [bmv2] [D] [thread 7429] [1.0] [cxt 0] Table 'MyIngress.forward_table': miss
[12:54:47.355] [bmv2] [D] [thread 7429] [1.0] [cxt 0] Action entry is NoAction - 
[12:54:47.355] [bmv2] [T] [thread 7429] [1.0] [cxt 0] Action NoAction
[12:54:47.356] [bmv2] [T] [thread 7429] [1.0] [cxt 0] Applying table 'tbl_act_0'
[12:54:47.356] [bmv2] [D] [thread 7429] [1.0] [cxt 0] Looking up key:

[12:54:47.356] [bmv2] [D] [thread 7429] [1.0] [cxt 0] Table 'tbl_act_0': miss
[12:54:47.357] [bmv2] [D] [thread 7429] [1.0] [cxt 0] Action entry is act_0 - 
[12:54:47.357] [bmv2] [T] [thread 7429] [1.0] [cxt 0] Action act_0
[12:54:47.358] [bmv2] [T] [thread 7429] [1.0] [cxt 0] Primitive (no source info)
[12:54:47.358] [bmv2] [T] [thread 7429] [1.0] [cxt 0] Condition "node_11" (node_11) is false
[12:54:47.359] [bmv2] [T] [thread 7429] [1.0] [cxt 0] p4src/your_pipeline.p4(232) Condition "hdr.ipv4.isValid()" (node_12) is false
[12:54:47.359] [bmv2] [T] [thread 7429] [1.0] [cxt 0] Applying table 'MyIngress.tunnel_forward_table'
[12:54:47.359] [bmv2] [D] [thread 7429] [1.0] [cxt 0] Looking up key:
* standard_metadata.ingress_port: 0001
* hdr.tunnel.tunnel_id          : 0000
* hdr.tunnel.pw_id              : 0000

[12:54:47.360] [bmv2] [D] [thread 7429] [1.0] [cxt 0] Table 'MyIngress.tunnel_forward_table': miss
[12:54:47.361] [bmv2] [D] [thread 7429] [1.0] [cxt 0] Action entry is NoAction - 
[12:54:47.361] [bmv2] [T] [thread 7429] [1.0] [cxt 0] Action NoAction
[12:54:47.361] [bmv2] [T] [thread 7429] [1.0] [cxt 0] Applying table 'tbl_act_2'
[12:54:47.362] [bmv2] [D] [thread 7429] [1.0] [cxt 0] Looking up key:

[12:54:47.363] [bmv2] [D] [thread 7429] [1.0] [cxt 0] Table 'tbl_act_2': miss
[12:54:47.363] [bmv2] [D] [thread 7429] [1.0] [cxt 0] Action entry is act_2 - 
[12:54:47.363] [bmv2] [T] [thread 7429] [1.0] [cxt 0] Action act_2
[12:54:47.363] [bmv2] [T] [thread 7429] [1.0] [cxt 0] Primitive (no source info)
[12:54:47.364] [bmv2] [T] [thread 7429] [1.0] [cxt 0] Condition "node_18" (node_18) is false
[12:54:47.364] [bmv2] [T] [thread 7429] [1.0] [cxt 0] Applying table 'MyIngress.select_mcast_grp'
[12:54:47.365] [bmv2] [D] [thread 7429] [1.0] [cxt 0] Looking up key:
* standard_metadata.ingress_port: 0001

[12:54:47.365] [bmv2] [D] [thread 7429] [1.0] [cxt 0] Table 'MyIngress.select_mcast_grp': miss
[12:54:47.365] [bmv2] [D] [thread 7429] [1.0] [cxt 0] Action entry is NoAction - 
[12:54:47.366] [bmv2] [T] [thread 7429] [1.0] [cxt 0] Action NoAction
[12:54:47.367] [bmv2] [D] [thread 7429] [1.0] [cxt 0] Pipeline 'ingress': end
[12:54:47.367] [bmv2] [D] [thread 7429] [1.0] [cxt 0] Cloning packet at ingress
[12:54:47.367] [bmv2] [D] [thread 7429] [1.0] [cxt 0] Egress port is 0
[12:54:47.368] [bmv2] [D] [thread 7430] [1.0] [cxt 0] Pipeline 'egress': start
[12:54:47.368] [bmv2] [T] [thread 7430] [1.0] [cxt 0] p4src/your_pipeline.p4(274) Condition "standard_metadata.instance_type == 1" (node_22) is false
[12:54:47.369] [bmv2] [T] [thread 7430] [1.0] [cxt 0] p4src/your_pipeline.p4(288) Condition "standard_metadata.egress_rid != 0" (node_27) is false
[12:54:47.369] [bmv2] [D] [thread 7430] [1.0] [cxt 0] Pipeline 'egress': end
[12:54:47.370] [bmv2] [D] [thread 7430] [1.0] [cxt 0] Deparser 'deparser': start
[12:54:47.371] [bmv2] [T] [thread 7430] [1.0] [cxt 0] Skipping checksum 'cksum' update because condition not met
[12:54:47.372] [bmv2] [D] [thread 7430] [1.0] [cxt 0] Deparsing header 'ethernet_outer'
[12:54:47.372] [bmv2] [D] [thread 7430] [1.0] [cxt 0] Deparser 'deparser': end
[12:54:47.373] [bmv2] [D] [thread 7434] [1.0] [cxt 0] Transmitting packet of size 70 out of port 0
[12:54:47.615] [bmv2] [D] [thread 7429] [2.0] [cxt 0] Processing packet received on port 4
[12:54:47.616] [bmv2] [D] [thread 7429] [2.0] [cxt 0] Parser 'parser': start
[12:54:47.616] [bmv2] [D] [thread 7429] [2.0] [cxt 0] Parser 'parser' entering state 'start'
[12:54:47.617] [bmv2] [D] [thread 7429] [2.0] [cxt 0] Extracting header 'ethernet_outer'
[12:54:47.617] [bmv2] [D] [thread 7429] [2.0] [cxt 0] Parser state 'start': key is 86dd
[12:54:47.618] [bmv2] [T] [thread 7429] [2.0] [cxt 0] Bytes parsed: 14
[12:54:47.618] [bmv2] [D] [thread 7429] [2.0] [cxt 0] Parser 'parser': end
[12:54:47.619] [bmv2] [D] [thread 7429] [2.0] [cxt 0] Pipeline 'ingress': start
[12:54:47.619] [bmv2] [T] [thread 7429] [2.0] [cxt 0] Applying table 'MyIngress.learning_table'
[12:54:47.620] [bmv2] [D] [thread 7429] [2.0] [cxt 0] Looking up key:
* hdr.ethernet.srcAddr: 000000000000

[12:54:47.620] [bmv2] [D] [thread 7429] [2.0] [cxt 0] Table 'MyIngress.learning_table': miss
[12:54:47.620] [bmv2] [D] [thread 7429] [2.0] [cxt 0] Action entry is MyIngress.mac_learn - 
[12:54:47.621] [bmv2] [T] [thread 7429] [2.0] [cxt 0] Action MyIngress.mac_learn
[12:54:47.621] [bmv2] [T] [thread 7429] [2.0] [cxt 0] p4src/your_pipeline.p4(145) Primitive meta.ingress_port = standard_metadata.ingress_port
[12:54:47.622] [bmv2] [T] [thread 7429] [2.0] [cxt 0] p4src/your_pipeline.p4(146) Primitive clone3(CloneType.I2E, 100, meta)
[12:54:47.623] [bmv2] [T] [thread 7429] [2.0] [cxt 0] Applying table 'MyIngress.whether_encap'
[12:54:47.623] [bmv2] [D] [thread 7429] [2.0] [cxt 0] Looking up key:
* standard_metadata.ingress_port: 0004
* hdr.ethernet.srcAddr          : 000000000000
* hdr.ethernet.dstAddr          : 000000000000

[12:54:47.624] [bmv2] [D] [thread 7429] [2.0] [cxt 0] Table 'MyIngress.whether_encap': miss
[12:54:47.624] [bmv2] [D] [thread 7429] [2.0] [cxt 0] Action entry is NoAction - 
[12:54:47.625] [bmv2] [T] [thread 7429] [2.0] [cxt 0] Action NoAction
[12:54:47.626] [bmv2] [T] [thread 7429] [2.0] [cxt 0] p4src/your_pipeline.p4(222) Condition "hdr.tunnel.isValid()" (node_4) is false
[12:54:47.626] [bmv2] [T] [thread 7429] [2.0] [cxt 0] Applying table 'MyIngress.forward_table'
[12:54:47.627] [bmv2] [D] [thread 7429] [2.0] [cxt 0] Looking up key:
* standard_metadata.ingress_port: 0004
* hdr.ethernet.dstAddr          : 000000000000

[12:54:47.627] [bmv2] [D] [thread 7429] [2.0] [cxt 0] Table 'MyIngress.forward_table': miss
[12:54:47.627] [bmv2] [D] [thread 7429] [2.0] [cxt 0] Action entry is NoAction - 
[12:54:47.628] [bmv2] [T] [thread 7429] [2.0] [cxt 0] Action NoAction
[12:54:47.628] [bmv2] [T] [thread 7429] [2.0] [cxt 0] Applying table 'tbl_act_0'
[12:54:47.629] [bmv2] [D] [thread 7429] [2.0] [cxt 0] Looking up key:

[12:54:47.630] [bmv2] [D] [thread 7429] [2.0] [cxt 0] Table 'tbl_act_0': miss
[12:54:47.630] [bmv2] [D] [thread 7429] [2.0] [cxt 0] Action entry is act_0 - 
[12:54:47.631] [bmv2] [T] [thread 7429] [2.0] [cxt 0] Action act_0
[12:54:47.631] [bmv2] [T] [thread 7429] [2.0] [cxt 0] Primitive (no source info)
[12:54:47.632] [bmv2] [T] [thread 7429] [2.0] [cxt 0] Condition "node_11" (node_11) is false
[12:54:47.632] [bmv2] [T] [thread 7429] [2.0] [cxt 0] p4src/your_pipeline.p4(232) Condition "hdr.ipv4.isValid()" (node_12) is false
[12:54:47.633] [bmv2] [T] [thread 7429] [2.0] [cxt 0] Applying table 'MyIngress.tunnel_forward_table'
[12:54:47.633] [bmv2] [D] [thread 7429] [2.0] [cxt 0] Looking up key:
* standard_metadata.ingress_port: 0004
* hdr.tunnel.tunnel_id          : 0000
* hdr.tunnel.pw_id              : 0000

[12:54:47.633] [bmv2] [D] [thread 7429] [2.0] [cxt 0] Table 'MyIngress.tunnel_forward_table': miss
[12:54:47.634] [bmv2] [D] [thread 7429] [2.0] [cxt 0] Action entry is NoAction - 
[12:54:47.635] [bmv2] [T] [thread 7429] [2.0] [cxt 0] Action NoAction
[12:54:47.635] [bmv2] [T] [thread 7429] [2.0] [cxt 0] Applying table 'tbl_act_2'
[12:54:47.636] [bmv2] [D] [thread 7429] [2.0] [cxt 0] Looking up key:

[12:54:47.637] [bmv2] [D] [thread 7429] [2.0] [cxt 0] Table 'tbl_act_2': miss
[12:54:47.638] [bmv2] [D] [thread 7429] [2.0] [cxt 0] Action entry is act_2 - 
[12:54:47.638] [bmv2] [T] [thread 7429] [2.0] [cxt 0] Action act_2
[12:54:47.639] [bmv2] [T] [thread 7429] [2.0] [cxt 0] Primitive (no source info)
[12:54:47.639] [bmv2] [T] [thread 7429] [2.0] [cxt 0] Condition "node_18" (node_18) is false
[12:54:47.640] [bmv2] [T] [thread 7429] [2.0] [cxt 0] Applying table 'MyIngress.select_mcast_grp'
[12:54:47.640] [bmv2] [D] [thread 7429] [2.0] [cxt 0] Looking up key:
* standard_metadata.ingress_port: 0004

[12:54:47.641] [bmv2] [D] [thread 7429] [2.0] [cxt 0] Table 'MyIngress.select_mcast_grp': miss
[12:54:47.642] [bmv2] [D] [thread 7429] [2.0] [cxt 0] Action entry is NoAction - 
[12:54:47.642] [bmv2] [T] [thread 7429] [2.0] [cxt 0] Action NoAction
[12:54:47.643] [bmv2] [D] [thread 7429] [2.0] [cxt 0] Pipeline 'ingress': end
[12:54:47.643] [bmv2] [D] [thread 7429] [2.0] [cxt 0] Cloning packet at ingress
[12:54:47.643] [bmv2] [D] [thread 7429] [2.0] [cxt 0] Egress port is 0
[12:54:47.644] [bmv2] [D] [thread 7430] [2.0] [cxt 0] Pipeline 'egress': start
[12:54:47.645] [bmv2] [T] [thread 7430] [2.0] [cxt 0] p4src/your_pipeline.p4(274) Condition "standard_metadata.instance_type == 1" (node_22) is false
[12:54:47.645] [bmv2] [T] [thread 7430] [2.0] [cxt 0] p4src/your_pipeline.p4(288) Condition "standard_metadata.egress_rid != 0" (node_27) is false
[12:54:47.646] [bmv2] [D] [thread 7430] [2.0] [cxt 0] Pipeline 'egress': end
[12:54:47.646] [bmv2] [D] [thread 7430] [2.0] [cxt 0] Deparser 'deparser': start
[12:54:47.647] [bmv2] [T] [thread 7430] [2.0] [cxt 0] Skipping checksum 'cksum' update because condition not met
[12:54:47.647] [bmv2] [D] [thread 7430] [2.0] [cxt 0] Deparsing header 'ethernet_outer'
[12:54:47.648] [bmv2] [D] [thread 7430] [2.0] [cxt 0] Deparser 'deparser': end
[12:54:47.648] [bmv2] [D] [thread 7434] [2.0] [cxt 0] Transmitting packet of size 70 out of port 0
[12:54:47.829] [bmv2] [D] [thread 7429] [3.0] [cxt 0] Processing packet received on port 3
[12:54:47.830] [bmv2] [D] [thread 7429] [3.0] [cxt 0] Parser 'parser': start
[12:54:47.831] [bmv2] [D] [thread 7429] [3.0] [cxt 0] Parser 'parser' entering state 'start'
[12:54:47.831] [bmv2] [D] [thread 7429] [3.0] [cxt 0] Extracting header 'ethernet_outer'
[12:54:47.831] [bmv2] [D] [thread 7429] [3.0] [cxt 0] Parser state 'start': key is 86dd
[12:54:47.832] [bmv2] [T] [thread 7429] [3.0] [cxt 0] Bytes parsed: 14
[12:54:47.832] [bmv2] [D] [thread 7429] [3.0] [cxt 0] Parser 'parser': end
[12:54:47.832] [bmv2] [D] [thread 7429] [3.0] [cxt 0] Pipeline 'ingress': start
[12:54:47.833] [bmv2] [T] [thread 7429] [3.0] [cxt 0] Applying table 'MyIngress.learning_table'
[12:54:47.834] [bmv2] [D] [thread 7429] [3.0] [cxt 0] Looking up key:
* hdr.ethernet.srcAddr: 000000000000

[12:54:47.834] [bmv2] [D] [thread 7429] [3.0] [cxt 0] Table 'MyIngress.learning_table': miss
[12:54:47.835] [bmv2] [D] [thread 7429] [3.0] [cxt 0] Action entry is MyIngress.mac_learn - 
[12:54:47.835] [bmv2] [T] [thread 7429] [3.0] [cxt 0] Action MyIngress.mac_learn
[12:54:47.836] [bmv2] [T] [thread 7429] [3.0] [cxt 0] p4src/your_pipeline.p4(145) Primitive meta.ingress_port = standard_metadata.ingress_port
[12:54:47.836] [bmv2] [T] [thread 7429] [3.0] [cxt 0] p4src/your_pipeline.p4(146) Primitive clone3(CloneType.I2E, 100, meta)
[12:54:47.837] [bmv2] [T] [thread 7429] [3.0] [cxt 0] Applying table 'MyIngress.whether_encap'
[12:54:47.838] [bmv2] [D] [thread 7429] [3.0] [cxt 0] Looking up key:
* standard_metadata.ingress_port: 0003
* hdr.ethernet.srcAddr          : 000000000000
* hdr.ethernet.dstAddr          : 000000000000

[12:54:47.838] [bmv2] [D] [thread 7429] [3.0] [cxt 0] Table 'MyIngress.whether_encap': miss
[12:54:47.839] [bmv2] [D] [thread 7429] [3.0] [cxt 0] Action entry is NoAction - 
[12:54:47.839] [bmv2] [T] [thread 7429] [3.0] [cxt 0] Action NoAction
[12:54:47.840] [bmv2] [T] [thread 7429] [3.0] [cxt 0] p4src/your_pipeline.p4(222) Condition "hdr.tunnel.isValid()" (node_4) is false
[12:54:47.841] [bmv2] [T] [thread 7429] [3.0] [cxt 0] Applying table 'MyIngress.forward_table'
[12:54:47.841] [bmv2] [D] [thread 7429] [3.0] [cxt 0] Looking up key:
* standard_metadata.ingress_port: 0003
* hdr.ethernet.dstAddr          : 000000000000

[12:54:47.842] [bmv2] [D] [thread 7429] [3.0] [cxt 0] Table 'MyIngress.forward_table': miss
[12:54:47.842] [bmv2] [D] [thread 7429] [3.0] [cxt 0] Action entry is NoAction - 
[12:54:47.843] [bmv2] [T] [thread 7429] [3.0] [cxt 0] Action NoAction
[12:54:47.843] [bmv2] [T] [thread 7429] [3.0] [cxt 0] Applying table 'tbl_act_0'
[12:54:47.844] [bmv2] [D] [thread 7429] [3.0] [cxt 0] Looking up key:

[12:54:47.844] [bmv2] [D] [thread 7429] [3.0] [cxt 0] Table 'tbl_act_0': miss
[12:54:47.845] [bmv2] [D] [thread 7429] [3.0] [cxt 0] Action entry is act_0 - 
[12:54:47.845] [bmv2] [T] [thread 7429] [3.0] [cxt 0] Action act_0
[12:54:47.846] [bmv2] [T] [thread 7429] [3.0] [cxt 0] Primitive (no source info)
[12:54:47.846] [bmv2] [T] [thread 7429] [3.0] [cxt 0] Condition "node_11" (node_11) is false
[12:54:47.847] [bmv2] [T] [thread 7429] [3.0] [cxt 0] p4src/your_pipeline.p4(232) Condition "hdr.ipv4.isValid()" (node_12) is false
[12:54:47.848] [bmv2] [T] [thread 7429] [3.0] [cxt 0] Applying table 'MyIngress.tunnel_forward_table'
[12:54:47.849] [bmv2] [D] [thread 7429] [3.0] [cxt 0] Looking up key:
* standard_metadata.ingress_port: 0003
* hdr.tunnel.tunnel_id          : 0000
* hdr.tunnel.pw_id              : 0000

[12:54:47.849] [bmv2] [D] [thread 7429] [3.0] [cxt 0] Table 'MyIngress.tunnel_forward_table': miss
[12:54:47.850] [bmv2] [D] [thread 7429] [3.0] [cxt 0] Action entry is NoAction - 
[12:54:47.851] [bmv2] [T] [thread 7429] [3.0] [cxt 0] Action NoAction
[12:54:47.851] [bmv2] [T] [thread 7429] [3.0] [cxt 0] Applying table 'tbl_act_2'
[12:54:47.851] [bmv2] [D] [thread 7429] [3.0] [cxt 0] Looking up key:

[12:54:47.852] [bmv2] [D] [thread 7429] [3.0] [cxt 0] Table 'tbl_act_2': miss
[12:54:47.853] [bmv2] [D] [thread 7429] [3.0] [cxt 0] Action entry is act_2 - 
[12:54:47.854] [bmv2] [T] [thread 7429] [3.0] [cxt 0] Action act_2
[12:54:47.855] [bmv2] [T] [thread 7429] [3.0] [cxt 0] Primitive (no source info)
[12:54:47.855] [bmv2] [T] [thread 7429] [3.0] [cxt 0] Condition "node_18" (node_18) is false
[12:54:47.856] [bmv2] [T] [thread 7429] [3.0] [cxt 0] Applying table 'MyIngress.select_mcast_grp'
[12:54:47.858] [bmv2] [D] [thread 7429] [3.0] [cxt 0] Looking up key:
* standard_metadata.ingress_port: 0003

[12:54:47.859] [bmv2] [D] [thread 7429] [3.0] [cxt 0] Table 'MyIngress.select_mcast_grp': miss
[12:54:47.859] [bmv2] [D] [thread 7429] [3.0] [cxt 0] Action entry is NoAction - 
[12:54:47.860] [bmv2] [T] [thread 7429] [3.0] [cxt 0] Action NoAction
[12:54:47.861] [bmv2] [D] [thread 7429] [3.0] [cxt 0] Pipeline 'ingress': end
[12:54:47.861] [bmv2] [D] [thread 7429] [3.0] [cxt 0] Cloning packet at ingress
[12:54:47.862] [bmv2] [D] [thread 7429] [3.0] [cxt 0] Egress port is 0
[12:54:47.863] [bmv2] [D] [thread 7430] [3.0] [cxt 0] Pipeline 'egress': start
[12:54:47.863] [bmv2] [T] [thread 7430] [3.0] [cxt 0] p4src/your_pipeline.p4(274) Condition "standard_metadata.instance_type == 1" (node_22) is false
[12:54:47.863] [bmv2] [T] [thread 7430] [3.0] [cxt 0] p4src/your_pipeline.p4(288) Condition "standard_metadata.egress_rid != 0" (node_27) is false
[12:54:47.864] [bmv2] [D] [thread 7430] [3.0] [cxt 0] Pipeline 'egress': end
[12:54:47.864] [bmv2] [D] [thread 7430] [3.0] [cxt 0] Deparser 'deparser': start
[12:54:47.865] [bmv2] [T] [thread 7430] [3.0] [cxt 0] Skipping checksum 'cksum' update because condition not met
[12:54:47.865] [bmv2] [D] [thread 7430] [3.0] [cxt 0] Deparsing header 'ethernet_outer'
[12:54:47.867] [bmv2] [D] [thread 7430] [3.0] [cxt 0] Deparser 'deparser': end
[12:54:47.868] [bmv2] [D] [thread 7434] [3.0] [cxt 0] Transmitting packet of size 70 out of port 0
[12:54:47.945] [bmv2] [D] [thread 7429] [4.0] [cxt 0] Processing packet received on port 4
[12:54:47.945] [bmv2] [D] [thread 7429] [4.0] [cxt 0] Parser 'parser': start
[12:54:47.946] [bmv2] [D] [thread 7429] [4.0] [cxt 0] Parser 'parser' entering state 'start'
[12:54:47.946] [bmv2] [D] [thread 7429] [4.0] [cxt 0] Extracting header 'ethernet_outer'
[12:54:47.947] [bmv2] [D] [thread 7429] [4.0] [cxt 0] Parser state 'start': key is 86dd
[12:54:47.948] [bmv2] [T] [thread 7429] [4.0] [cxt 0] Bytes parsed: 14
[12:54:47.948] [bmv2] [D] [thread 7429] [4.0] [cxt 0] Parser 'parser': end
[12:54:47.949] [bmv2] [D] [thread 7429] [4.0] [cxt 0] Pipeline 'ingress': start
[12:54:47.949] [bmv2] [T] [thread 7429] [4.0] [cxt 0] Applying table 'MyIngress.learning_table'
[12:54:47.950] [bmv2] [D] [thread 7429] [4.0] [cxt 0] Looking up key:
* hdr.ethernet.srcAddr: 000000000000

[12:54:47.950] [bmv2] [D] [thread 7429] [4.0] [cxt 0] Table 'MyIngress.learning_table': miss
[12:54:47.951] [bmv2] [D] [thread 7429] [4.0] [cxt 0] Action entry is MyIngress.mac_learn - 
[12:54:47.951] [bmv2] [T] [thread 7429] [4.0] [cxt 0] Action MyIngress.mac_learn
[12:54:47.952] [bmv2] [T] [thread 7429] [4.0] [cxt 0] p4src/your_pipeline.p4(145) Primitive meta.ingress_port = standard_metadata.ingress_port
[12:54:47.952] [bmv2] [T] [thread 7429] [4.0] [cxt 0] p4src/your_pipeline.p4(146) Primitive clone3(CloneType.I2E, 100, meta)
[12:54:47.953] [bmv2] [T] [thread 7429] [4.0] [cxt 0] Applying table 'MyIngress.whether_encap'
[12:54:47.953] [bmv2] [D] [thread 7429] [4.0] [cxt 0] Looking up key:
* standard_metadata.ingress_port: 0004
* hdr.ethernet.srcAddr          : 000000000000
* hdr.ethernet.dstAddr          : 000000000000

[12:54:47.954] [bmv2] [D] [thread 7429] [4.0] [cxt 0] Table 'MyIngress.whether_encap': miss
[12:54:47.954] [bmv2] [D] [thread 7429] [4.0] [cxt 0] Action entry is NoAction - 
[12:54:47.955] [bmv2] [T] [thread 7429] [4.0] [cxt 0] Action NoAction
[12:54:47.955] [bmv2] [T] [thread 7429] [4.0] [cxt 0] p4src/your_pipeline.p4(222) Condition "hdr.tunnel.isValid()" (node_4) is false
[12:54:47.956] [bmv2] [T] [thread 7429] [4.0] [cxt 0] Applying table 'MyIngress.forward_table'
[12:54:47.956] [bmv2] [D] [thread 7429] [4.0] [cxt 0] Looking up key:
* standard_metadata.ingress_port: 0004
* hdr.ethernet.dstAddr          : 000000000000

[12:54:47.956] [bmv2] [D] [thread 7429] [4.0] [cxt 0] Table 'MyIngress.forward_table': miss
[12:54:47.957] [bmv2] [D] [thread 7429] [4.0] [cxt 0] Action entry is NoAction - 
[12:54:47.957] [bmv2] [T] [thread 7429] [4.0] [cxt 0] Action NoAction
[12:54:47.958] [bmv2] [T] [thread 7429] [4.0] [cxt 0] Applying table 'tbl_act_0'
[12:54:47.958] [bmv2] [D] [thread 7429] [4.0] [cxt 0] Looking up key:

[12:54:47.959] [bmv2] [D] [thread 7429] [4.0] [cxt 0] Table 'tbl_act_0': miss
[12:54:47.959] [bmv2] [D] [thread 7429] [4.0] [cxt 0] Action entry is act_0 - 
[12:54:47.960] [bmv2] [T] [thread 7429] [4.0] [cxt 0] Action act_0
[12:54:47.960] [bmv2] [T] [thread 7429] [4.0] [cxt 0] Primitive (no source info)
[12:54:47.961] [bmv2] [T] [thread 7429] [4.0] [cxt 0] Condition "node_11" (node_11) is false
[12:54:47.961] [bmv2] [T] [thread 7429] [4.0] [cxt 0] p4src/your_pipeline.p4(232) Condition "hdr.ipv4.isValid()" (node_12) is false
[12:54:47.962] [bmv2] [T] [thread 7429] [4.0] [cxt 0] Applying table 'MyIngress.tunnel_forward_table'
[12:54:47.963] [bmv2] [D] [thread 7429] [4.0] [cxt 0] Looking up key:
* standard_metadata.ingress_port: 0004
* hdr.tunnel.tunnel_id          : 0000
* hdr.tunnel.pw_id              : 0000

[12:54:47.963] [bmv2] [D] [thread 7429] [4.0] [cxt 0] Table 'MyIngress.tunnel_forward_table': miss
[12:54:47.964] [bmv2] [D] [thread 7429] [4.0] [cxt 0] Action entry is NoAction - 
[12:54:47.965] [bmv2] [T] [thread 7429] [4.0] [cxt 0] Action NoAction
[12:54:47.965] [bmv2] [T] [thread 7429] [4.0] [cxt 0] Applying table 'tbl_act_2'
[12:54:47.965] [bmv2] [D] [thread 7429] [4.0] [cxt 0] Looking up key:

[12:54:47.966] [bmv2] [D] [thread 7429] [4.0] [cxt 0] Table 'tbl_act_2': miss
[12:54:47.966] [bmv2] [D] [thread 7429] [4.0] [cxt 0] Action entry is act_2 - 
[12:54:47.967] [bmv2] [T] [thread 7429] [4.0] [cxt 0] Action act_2
[12:54:47.967] [bmv2] [T] [thread 7429] [4.0] [cxt 0] Primitive (no source info)
[12:54:47.967] [bmv2] [T] [thread 7429] [4.0] [cxt 0] Condition "node_18" (node_18) is false
[12:54:47.967] [bmv2] [T] [thread 7429] [4.0] [cxt 0] Applying table 'MyIngress.select_mcast_grp'
[12:54:47.968] [bmv2] [D] [thread 7429] [4.0] [cxt 0] Looking up key:
* standard_metadata.ingress_port: 0004

[12:54:47.968] [bmv2] [D] [thread 7429] [4.0] [cxt 0] Table 'MyIngress.select_mcast_grp': miss
[12:54:47.969] [bmv2] [D] [thread 7429] [4.0] [cxt 0] Action entry is NoAction - 
[12:54:47.969] [bmv2] [T] [thread 7429] [4.0] [cxt 0] Action NoAction
[12:54:47.969] [bmv2] [D] [thread 7429] [4.0] [cxt 0] Pipeline 'ingress': end
[12:54:47.970] [bmv2] [D] [thread 7429] [4.0] [cxt 0] Cloning packet at ingress
[12:54:47.970] [bmv2] [D] [thread 7429] [4.0] [cxt 0] Egress port is 0
[12:54:47.970] [bmv2] [D] [thread 7430] [4.0] [cxt 0] Pipeline 'egress': start
[12:54:47.971] [bmv2] [T] [thread 7430] [4.0] [cxt 0] p4src/your_pipeline.p4(274) Condition "standard_metadata.instance_type == 1" (node_22) is false
[12:54:47.971] [bmv2] [T] [thread 7430] [4.0] [cxt 0] p4src/your_pipeline.p4(288) Condition "standard_metadata.egress_rid != 0" (node_27) is false
[12:54:47.971] [bmv2] [D] [thread 7430] [4.0] [cxt 0] Pipeline 'egress': end
[12:54:47.972] [bmv2] [D] [thread 7430] [4.0] [cxt 0] Deparser 'deparser': start
[12:54:47.972] [bmv2] [T] [thread 7430] [4.0] [cxt 0] Skipping checksum 'cksum' update because condition not met
[12:54:47.972] [bmv2] [D] [thread 7430] [4.0] [cxt 0] Deparsing header 'ethernet_outer'
[12:54:47.973] [bmv2] [D] [thread 7430] [4.0] [cxt 0] Deparser 'deparser': end
[12:54:47.974] [bmv2] [D] [thread 7434] [4.0] [cxt 0] Transmitting packet of size 70 out of port 0
[12:54:48.069] [bmv2] [D] [thread 7429] [5.0] [cxt 0] Processing packet received on port 3
[12:54:48.069] [bmv2] [D] [thread 7429] [5.0] [cxt 0] Parser 'parser': start
[12:54:48.070] [bmv2] [D] [thread 7429] [5.0] [cxt 0] Parser 'parser' entering state 'start'
[12:54:48.070] [bmv2] [D] [thread 7429] [5.0] [cxt 0] Extracting header 'ethernet_outer'
[12:54:48.071] [bmv2] [D] [thread 7429] [5.0] [cxt 0] Parser state 'start': key is 86dd
[12:54:48.071] [bmv2] [T] [thread 7429] [5.0] [cxt 0] Bytes parsed: 14
[12:54:48.072] [bmv2] [D] [thread 7429] [5.0] [cxt 0] Parser 'parser': end
[12:54:48.073] [bmv2] [D] [thread 7429] [5.0] [cxt 0] Pipeline 'ingress': start
[12:54:48.073] [bmv2] [T] [thread 7429] [5.0] [cxt 0] Applying table 'MyIngress.learning_table'
[12:54:48.074] [bmv2] [D] [thread 7429] [5.0] [cxt 0] Looking up key:
* hdr.ethernet.srcAddr: 000000000000

[12:54:48.074] [bmv2] [D] [thread 7429] [5.0] [cxt 0] Table 'MyIngress.learning_table': miss
[12:54:48.075] [bmv2] [D] [thread 7429] [5.0] [cxt 0] Action entry is MyIngress.mac_learn - 
[12:54:48.076] [bmv2] [T] [thread 7429] [5.0] [cxt 0] Action MyIngress.mac_learn
[12:54:48.076] [bmv2] [T] [thread 7429] [5.0] [cxt 0] p4src/your_pipeline.p4(145) Primitive meta.ingress_port = standard_metadata.ingress_port
[12:54:48.077] [bmv2] [T] [thread 7429] [5.0] [cxt 0] p4src/your_pipeline.p4(146) Primitive clone3(CloneType.I2E, 100, meta)
[12:54:48.077] [bmv2] [T] [thread 7429] [5.0] [cxt 0] Applying table 'MyIngress.whether_encap'
[12:54:48.078] [bmv2] [D] [thread 7429] [5.0] [cxt 0] Looking up key:
* standard_metadata.ingress_port: 0003
* hdr.ethernet.srcAddr          : 000000000000
* hdr.ethernet.dstAddr          : 000000000000

[12:54:48.078] [bmv2] [D] [thread 7429] [5.0] [cxt 0] Table 'MyIngress.whether_encap': miss
[12:54:48.079] [bmv2] [D] [thread 7429] [5.0] [cxt 0] Action entry is NoAction - 
[12:54:48.080] [bmv2] [T] [thread 7429] [5.0] [cxt 0] Action NoAction
[12:54:48.080] [bmv2] [T] [thread 7429] [5.0] [cxt 0] p4src/your_pipeline.p4(222) Condition "hdr.tunnel.isValid()" (node_4) is false
[12:54:48.080] [bmv2] [T] [thread 7429] [5.0] [cxt 0] Applying table 'MyIngress.forward_table'
[12:54:48.081] [bmv2] [D] [thread 7429] [5.0] [cxt 0] Looking up key:
* standard_metadata.ingress_port: 0003
* hdr.ethernet.dstAddr          : 000000000000

[12:54:48.082] [bmv2] [D] [thread 7429] [5.0] [cxt 0] Table 'MyIngress.forward_table': miss
[12:54:48.082] [bmv2] [D] [thread 7429] [5.0] [cxt 0] Action entry is NoAction - 
[12:54:48.082] [bmv2] [T] [thread 7429] [5.0] [cxt 0] Action NoAction
[12:54:48.083] [bmv2] [T] [thread 7429] [5.0] [cxt 0] Applying table 'tbl_act_0'
[12:54:48.083] [bmv2] [D] [thread 7429] [5.0] [cxt 0] Looking up key:

[12:54:48.084] [bmv2] [D] [thread 7429] [5.0] [cxt 0] Table 'tbl_act_0': miss
[12:54:48.084] [bmv2] [D] [thread 7429] [5.0] [cxt 0] Action entry is act_0 - 
[12:54:48.085] [bmv2] [T] [thread 7429] [5.0] [cxt 0] Action act_0
[12:54:48.085] [bmv2] [T] [thread 7429] [5.0] [cxt 0] Primitive (no source info)
[12:54:48.086] [bmv2] [T] [thread 7429] [5.0] [cxt 0] Condition "node_11" (node_11) is false
[12:54:48.086] [bmv2] [T] [thread 7429] [5.0] [cxt 0] p4src/your_pipeline.p4(232) Condition "hdr.ipv4.isValid()" (node_12) is false
[12:54:48.086] [bmv2] [T] [thread 7429] [5.0] [cxt 0] Applying table 'MyIngress.tunnel_forward_table'
[12:54:48.087] [bmv2] [D] [thread 7429] [5.0] [cxt 0] Looking up key:
* standard_metadata.ingress_port: 0003
* hdr.tunnel.tunnel_id          : 0000
* hdr.tunnel.pw_id              : 0000

[12:54:48.088] [bmv2] [D] [thread 7429] [5.0] [cxt 0] Table 'MyIngress.tunnel_forward_table': miss
[12:54:48.089] [bmv2] [D] [thread 7429] [5.0] [cxt 0] Action entry is NoAction - 
[12:54:48.089] [bmv2] [T] [thread 7429] [5.0] [cxt 0] Action NoAction
[12:54:48.089] [bmv2] [T] [thread 7429] [5.0] [cxt 0] Applying table 'tbl_act_2'
[12:54:48.090] [bmv2] [D] [thread 7429] [5.0] [cxt 0] Looking up key:

[12:54:48.092] [bmv2] [D] [thread 7429] [5.0] [cxt 0] Table 'tbl_act_2': miss
[12:54:48.092] [bmv2] [D] [thread 7429] [5.0] [cxt 0] Action entry is act_2 - 
[12:54:48.092] [bmv2] [T] [thread 7429] [5.0] [cxt 0] Action act_2
[12:54:48.092] [bmv2] [T] [thread 7429] [5.0] [cxt 0] Primitive (no source info)
[12:54:48.093] [bmv2] [T] [thread 7429] [5.0] [cxt 0] Condition "node_18" (node_18) is false
[12:54:48.093] [bmv2] [T] [thread 7429] [5.0] [cxt 0] Applying table 'MyIngress.select_mcast_grp'
[12:54:48.094] [bmv2] [D] [thread 7429] [5.0] [cxt 0] Looking up key:
* standard_metadata.ingress_port: 0003

[12:54:48.094] [bmv2] [D] [thread 7429] [5.0] [cxt 0] Table 'MyIngress.select_mcast_grp': miss
[12:54:48.095] [bmv2] [D] [thread 7429] [5.0] [cxt 0] Action entry is NoAction - 
[12:54:48.096] [bmv2] [T] [thread 7429] [5.0] [cxt 0] Action NoAction
[12:54:48.097] [bmv2] [D] [thread 7429] [5.0] [cxt 0] Pipeline 'ingress': end
[12:54:48.097] [bmv2] [D] [thread 7429] [5.0] [cxt 0] Cloning packet at ingress
[12:54:48.098] [bmv2] [D] [thread 7429] [5.0] [cxt 0] Egress port is 0
[12:54:48.099] [bmv2] [D] [thread 7430] [5.0] [cxt 0] Pipeline 'egress': start
[12:54:48.099] [bmv2] [T] [thread 7430] [5.0] [cxt 0] p4src/your_pipeline.p4(274) Condition "standard_metadata.instance_type == 1" (node_22) is false
[12:54:48.100] [bmv2] [T] [thread 7430] [5.0] [cxt 0] p4src/your_pipeline.p4(288) Condition "standard_metadata.egress_rid != 0" (node_27) is false
[12:54:48.101] [bmv2] [D] [thread 7430] [5.0] [cxt 0] Pipeline 'egress': end
[12:54:48.101] [bmv2] [D] [thread 7430] [5.0] [cxt 0] Deparser 'deparser': start
[12:54:48.101] [bmv2] [T] [thread 7430] [5.0] [cxt 0] Skipping checksum 'cksum' update because condition not met
[12:54:48.102] [bmv2] [D] [thread 7430] [5.0] [cxt 0] Deparsing header 'ethernet_outer'
[12:54:48.102] [bmv2] [D] [thread 7430] [5.0] [cxt 0] Deparser 'deparser': end
[12:54:48.103] [bmv2] [D] [thread 7434] [5.0] [cxt 0] Transmitting packet of size 70 out of port 0
[12:54:48.499] [bmv2] [D] [thread 7429] [6.0] [cxt 0] Processing packet received on port 2
[12:54:48.499] [bmv2] [D] [thread 7429] [6.0] [cxt 0] Parser 'parser': start
[12:54:48.500] [bmv2] [D] [thread 7429] [6.0] [cxt 0] Parser 'parser' entering state 'start'
[12:54:48.500] [bmv2] [D] [thread 7429] [6.0] [cxt 0] Extracting header 'ethernet_outer'
[12:54:48.500] [bmv2] [D] [thread 7429] [6.0] [cxt 0] Parser state 'start': key is 86dd
[12:54:48.501] [bmv2] [T] [thread 7429] [6.0] [cxt 0] Bytes parsed: 14
[12:54:48.501] [bmv2] [D] [thread 7429] [6.0] [cxt 0] Parser 'parser': end
[12:54:48.502] [bmv2] [D] [thread 7429] [6.0] [cxt 0] Pipeline 'ingress': start
[12:54:48.502] [bmv2] [T] [thread 7429] [6.0] [cxt 0] Applying table 'MyIngress.learning_table'
[12:54:48.504] [bmv2] [D] [thread 7429] [6.0] [cxt 0] Looking up key:
* hdr.ethernet.srcAddr: 000000000000

[12:54:48.504] [bmv2] [D] [thread 7429] [6.0] [cxt 0] Table 'MyIngress.learning_table': miss
[12:54:48.505] [bmv2] [D] [thread 7429] [6.0] [cxt 0] Action entry is MyIngress.mac_learn - 
[12:54:48.505] [bmv2] [T] [thread 7429] [6.0] [cxt 0] Action MyIngress.mac_learn
[12:54:48.505] [bmv2] [T] [thread 7429] [6.0] [cxt 0] p4src/your_pipeline.p4(145) Primitive meta.ingress_port = standard_metadata.ingress_port
[12:54:48.506] [bmv2] [T] [thread 7429] [6.0] [cxt 0] p4src/your_pipeline.p4(146) Primitive clone3(CloneType.I2E, 100, meta)
[12:54:48.506] [bmv2] [T] [thread 7429] [6.0] [cxt 0] Applying table 'MyIngress.whether_encap'
[12:54:48.507] [bmv2] [D] [thread 7429] [6.0] [cxt 0] Looking up key:
* standard_metadata.ingress_port: 0002
* hdr.ethernet.srcAddr          : 000000000000
* hdr.ethernet.dstAddr          : 000000000000

[12:54:48.507] [bmv2] [D] [thread 7429] [6.0] [cxt 0] Table 'MyIngress.whether_encap': miss
[12:54:48.507] [bmv2] [D] [thread 7429] [6.0] [cxt 0] Action entry is NoAction - 
[12:54:48.508] [bmv2] [T] [thread 7429] [6.0] [cxt 0] Action NoAction
[12:54:48.508] [bmv2] [T] [thread 7429] [6.0] [cxt 0] p4src/your_pipeline.p4(222) Condition "hdr.tunnel.isValid()" (node_4) is false
[12:54:48.508] [bmv2] [T] [thread 7429] [6.0] [cxt 0] Applying table 'MyIngress.forward_table'
[12:54:48.509] [bmv2] [D] [thread 7429] [6.0] [cxt 0] Looking up key:
* standard_metadata.ingress_port: 0002
* hdr.ethernet.dstAddr          : 000000000000

[12:54:48.510] [bmv2] [D] [thread 7429] [6.0] [cxt 0] Table 'MyIngress.forward_table': miss
[12:54:48.510] [bmv2] [D] [thread 7429] [6.0] [cxt 0] Action entry is NoAction - 
[12:54:48.510] [bmv2] [T] [thread 7429] [6.0] [cxt 0] Action NoAction
[12:54:48.511] [bmv2] [T] [thread 7429] [6.0] [cxt 0] Applying table 'tbl_act_0'
[12:54:48.511] [bmv2] [D] [thread 7429] [6.0] [cxt 0] Looking up key:

[12:54:48.512] [bmv2] [D] [thread 7429] [6.0] [cxt 0] Table 'tbl_act_0': miss
[12:54:48.512] [bmv2] [D] [thread 7429] [6.0] [cxt 0] Action entry is act_0 - 
[12:54:48.513] [bmv2] [T] [thread 7429] [6.0] [cxt 0] Action act_0
[12:54:48.513] [bmv2] [T] [thread 7429] [6.0] [cxt 0] Primitive (no source info)
[12:54:48.514] [bmv2] [T] [thread 7429] [6.0] [cxt 0] Condition "node_11" (node_11) is false
[12:54:48.515] [bmv2] [T] [thread 7429] [6.0] [cxt 0] p4src/your_pipeline.p4(232) Condition "hdr.ipv4.isValid()" (node_12) is false
[12:54:48.515] [bmv2] [T] [thread 7429] [6.0] [cxt 0] Applying table 'MyIngress.tunnel_forward_table'
[12:54:48.516] [bmv2] [D] [thread 7429] [6.0] [cxt 0] Looking up key:
* standard_metadata.ingress_port: 0002
* hdr.tunnel.tunnel_id          : 0000
* hdr.tunnel.pw_id              : 0000

[12:54:48.516] [bmv2] [D] [thread 7429] [6.0] [cxt 0] Table 'MyIngress.tunnel_forward_table': miss
[12:54:48.517] [bmv2] [D] [thread 7429] [6.0] [cxt 0] Action entry is NoAction - 
[12:54:48.517] [bmv2] [T] [thread 7429] [6.0] [cxt 0] Action NoAction
[12:54:48.518] [bmv2] [T] [thread 7429] [6.0] [cxt 0] Applying table 'tbl_act_2'
[12:54:48.518] [bmv2] [D] [thread 7429] [6.0] [cxt 0] Looking up key:

[12:54:48.519] [bmv2] [D] [thread 7429] [6.0] [cxt 0] Table 'tbl_act_2': miss
[12:54:48.519] [bmv2] [D] [thread 7429] [6.0] [cxt 0] Action entry is act_2 - 
[12:54:48.519] [bmv2] [T] [thread 7429] [6.0] [cxt 0] Action act_2
[12:54:48.519] [bmv2] [T] [thread 7429] [6.0] [cxt 0] Primitive (no source info)
[12:54:48.520] [bmv2] [T] [thread 7429] [6.0] [cxt 0] Condition "node_18" (node_18) is false
[12:54:48.520] [bmv2] [T] [thread 7429] [6.0] [cxt 0] Applying table 'MyIngress.select_mcast_grp'
[12:54:48.520] [bmv2] [D] [thread 7429] [6.0] [cxt 0] Looking up key:
* standard_metadata.ingress_port: 0002

[12:54:48.520] [bmv2] [D] [thread 7429] [6.0] [cxt 0] Table 'MyIngress.select_mcast_grp': miss
[12:54:48.521] [bmv2] [D] [thread 7429] [6.0] [cxt 0] Action entry is NoAction - 
[12:54:48.521] [bmv2] [T] [thread 7429] [6.0] [cxt 0] Action NoAction
[12:54:48.522] [bmv2] [D] [thread 7429] [6.0] [cxt 0] Pipeline 'ingress': end
[12:54:48.523] [bmv2] [D] [thread 7429] [6.0] [cxt 0] Cloning packet at ingress
[12:54:48.523] [bmv2] [D] [thread 7429] [6.0] [cxt 0] Egress port is 0
[12:54:48.524] [bmv2] [D] [thread 7430] [6.0] [cxt 0] Pipeline 'egress': start
[12:54:48.525] [bmv2] [T] [thread 7430] [6.0] [cxt 0] p4src/your_pipeline.p4(274) Condition "standard_metadata.instance_type == 1" (node_22) is false
[12:54:48.525] [bmv2] [T] [thread 7430] [6.0] [cxt 0] p4src/your_pipeline.p4(288) Condition "standard_metadata.egress_rid != 0" (node_27) is false
[12:54:48.525] [bmv2] [D] [thread 7430] [6.0] [cxt 0] Pipeline 'egress': end
[12:54:48.526] [bmv2] [D] [thread 7430] [6.0] [cxt 0] Deparser 'deparser': start
[12:54:48.527] [bmv2] [T] [thread 7430] [6.0] [cxt 0] Skipping checksum 'cksum' update because condition not met
[12:54:48.527] [bmv2] [D] [thread 7430] [6.0] [cxt 0] Deparsing header 'ethernet_outer'
[12:54:48.527] [bmv2] [D] [thread 7430] [6.0] [cxt 0] Deparser 'deparser': end
[12:54:48.528] [bmv2] [D] [thread 7434] [6.0] [cxt 0] Transmitting packet of size 70 out of port 0
[12:54:48.618] [bmv2] [D] [thread 7429] [7.0] [cxt 0] Processing packet received on port 2
[12:54:48.619] [bmv2] [D] [thread 7429] [7.0] [cxt 0] Parser 'parser': start
[12:54:48.619] [bmv2] [D] [thread 7429] [7.0] [cxt 0] Parser 'parser' entering state 'start'
[12:54:48.620] [bmv2] [D] [thread 7429] [7.0] [cxt 0] Extracting header 'ethernet_outer'
[12:54:48.620] [bmv2] [D] [thread 7429] [7.0] [cxt 0] Parser state 'start': key is 86dd
[12:54:48.620] [bmv2] [T] [thread 7429] [7.0] [cxt 0] Bytes parsed: 14
[12:54:48.621] [bmv2] [D] [thread 7429] [7.0] [cxt 0] Parser 'parser': end
[12:54:48.622] [bmv2] [D] [thread 7429] [7.0] [cxt 0] Pipeline 'ingress': start
[12:54:48.622] [bmv2] [T] [thread 7429] [7.0] [cxt 0] Applying table 'MyIngress.learning_table'
[12:54:48.623] [bmv2] [D] [thread 7429] [7.0] [cxt 0] Looking up key:
* hdr.ethernet.srcAddr: 000000000000

[12:54:48.623] [bmv2] [D] [thread 7429] [7.0] [cxt 0] Table 'MyIngress.learning_table': miss
[12:54:48.624] [bmv2] [D] [thread 7429] [7.0] [cxt 0] Action entry is MyIngress.mac_learn - 
[12:54:48.624] [bmv2] [T] [thread 7429] [7.0] [cxt 0] Action MyIngress.mac_learn
[12:54:48.624] [bmv2] [T] [thread 7429] [7.0] [cxt 0] p4src/your_pipeline.p4(145) Primitive meta.ingress_port = standard_metadata.ingress_port
[12:54:48.625] [bmv2] [T] [thread 7429] [7.0] [cxt 0] p4src/your_pipeline.p4(146) Primitive clone3(CloneType.I2E, 100, meta)
[12:54:48.625] [bmv2] [T] [thread 7429] [7.0] [cxt 0] Applying table 'MyIngress.whether_encap'
[12:54:48.626] [bmv2] [D] [thread 7429] [7.0] [cxt 0] Looking up key:
* standard_metadata.ingress_port: 0002
* hdr.ethernet.srcAddr          : 000000000000
* hdr.ethernet.dstAddr          : 000000000000

[12:54:48.626] [bmv2] [D] [thread 7429] [7.0] [cxt 0] Table 'MyIngress.whether_encap': miss
[12:54:48.627] [bmv2] [D] [thread 7429] [7.0] [cxt 0] Action entry is NoAction - 
[12:54:48.627] [bmv2] [T] [thread 7429] [7.0] [cxt 0] Action NoAction
[12:54:48.627] [bmv2] [T] [thread 7429] [7.0] [cxt 0] p4src/your_pipeline.p4(222) Condition "hdr.tunnel.isValid()" (node_4) is false
[12:54:48.628] [bmv2] [T] [thread 7429] [7.0] [cxt 0] Applying table 'MyIngress.forward_table'
[12:54:48.628] [bmv2] [D] [thread 7429] [7.0] [cxt 0] Looking up key:
* standard_metadata.ingress_port: 0002
* hdr.ethernet.dstAddr          : 000000000000

[12:54:48.629] [bmv2] [D] [thread 7429] [7.0] [cxt 0] Table 'MyIngress.forward_table': miss
[12:54:48.629] [bmv2] [D] [thread 7429] [7.0] [cxt 0] Action entry is NoAction - 
[12:54:48.630] [bmv2] [T] [thread 7429] [7.0] [cxt 0] Action NoAction
[12:54:48.631] [bmv2] [T] [thread 7429] [7.0] [cxt 0] Applying table 'tbl_act_0'
[12:54:48.631] [bmv2] [D] [thread 7429] [7.0] [cxt 0] Looking up key:

[12:54:48.631] [bmv2] [D] [thread 7429] [7.0] [cxt 0] Table 'tbl_act_0': miss
[12:54:48.631] [bmv2] [D] [thread 7429] [7.0] [cxt 0] Action entry is act_0 - 
[12:54:48.632] [bmv2] [T] [thread 7429] [7.0] [cxt 0] Action act_0
[12:54:48.632] [bmv2] [T] [thread 7429] [7.0] [cxt 0] Primitive (no source info)
[12:54:48.632] [bmv2] [T] [thread 7429] [7.0] [cxt 0] Condition "node_11" (node_11) is false
[12:54:48.633] [bmv2] [T] [thread 7429] [7.0] [cxt 0] p4src/your_pipeline.p4(232) Condition "hdr.ipv4.isValid()" (node_12) is false
[12:54:48.633] [bmv2] [T] [thread 7429] [7.0] [cxt 0] Applying table 'MyIngress.tunnel_forward_table'
[12:54:48.633] [bmv2] [D] [thread 7429] [7.0] [cxt 0] Looking up key:
* standard_metadata.ingress_port: 0002
* hdr.tunnel.tunnel_id          : 0000
* hdr.tunnel.pw_id              : 0000

[12:54:48.634] [bmv2] [D] [thread 7429] [7.0] [cxt 0] Table 'MyIngress.tunnel_forward_table': miss
[12:54:48.635] [bmv2] [D] [thread 7429] [7.0] [cxt 0] Action entry is NoAction - 
[12:54:48.635] [bmv2] [T] [thread 7429] [7.0] [cxt 0] Action NoAction
[12:54:48.635] [bmv2] [T] [thread 7429] [7.0] [cxt 0] Applying table 'tbl_act_2'
[12:54:48.636] [bmv2] [D] [thread 7429] [7.0] [cxt 0] Looking up key:

[12:54:48.636] [bmv2] [D] [thread 7429] [7.0] [cxt 0] Table 'tbl_act_2': miss
[12:54:48.637] [bmv2] [D] [thread 7429] [7.0] [cxt 0] Action entry is act_2 - 
[12:54:48.638] [bmv2] [T] [thread 7429] [7.0] [cxt 0] Action act_2
[12:54:48.638] [bmv2] [T] [thread 7429] [7.0] [cxt 0] Primitive (no source info)
[12:54:48.638] [bmv2] [T] [thread 7429] [7.0] [cxt 0] Condition "node_18" (node_18) is false
[12:54:48.640] [bmv2] [T] [thread 7429] [7.0] [cxt 0] Applying table 'MyIngress.select_mcast_grp'
[12:54:48.641] [bmv2] [D] [thread 7429] [7.0] [cxt 0] Looking up key:
* standard_metadata.ingress_port: 0002

[12:54:48.641] [bmv2] [D] [thread 7429] [7.0] [cxt 0] Table 'MyIngress.select_mcast_grp': miss
[12:54:48.641] [bmv2] [D] [thread 7429] [7.0] [cxt 0] Action entry is NoAction - 
[12:54:48.641] [bmv2] [T] [thread 7429] [7.0] [cxt 0] Action NoAction
[12:54:48.641] [bmv2] [D] [thread 7429] [7.0] [cxt 0] Pipeline 'ingress': end
[12:54:48.641] [bmv2] [D] [thread 7429] [7.0] [cxt 0] Cloning packet at ingress
[12:54:48.641] [bmv2] [D] [thread 7429] [7.0] [cxt 0] Egress port is 0
[12:54:48.642] [bmv2] [D] [thread 7430] [7.0] [cxt 0] Pipeline 'egress': start
[12:54:48.643] [bmv2] [T] [thread 7430] [7.0] [cxt 0] p4src/your_pipeline.p4(274) Condition "standard_metadata.instance_type == 1" (node_22) is false
[12:54:48.643] [bmv2] [T] [thread 7430] [7.0] [cxt 0] p4src/your_pipeline.p4(288) Condition "standard_metadata.egress_rid != 0" (node_27) is false
[12:54:48.644] [bmv2] [D] [thread 7430] [7.0] [cxt 0] Pipeline 'egress': end
[12:54:48.645] [bmv2] [D] [thread 7430] [7.0] [cxt 0] Deparser 'deparser': start
[12:54:48.646] [bmv2] [T] [thread 7430] [7.0] [cxt 0] Skipping checksum 'cksum' update because condition not met
[12:54:48.646] [bmv2] [D] [thread 7430] [7.0] [cxt 0] Deparsing header 'ethernet_outer'
[12:54:48.646] [bmv2] [D] [thread 7430] [7.0] [cxt 0] Deparser 'deparser': end
[12:54:48.647] [bmv2] [D] [thread 7434] [7.0] [cxt 0] Transmitting packet of size 70 out of port 0
[12:55:44.741] [bmv2] [T] [thread 7646] bm_get_config
[12:55:44.747] [bmv2] [T] [thread 7646] bm_mt_get_entries
[12:55:44.750] [bmv2] [T] [thread 7646] bm_mt_get_entries
[12:55:44.751] [bmv2] [T] [thread 7646] bm_mt_get_entries
[12:55:44.753] [bmv2] [T] [thread 7646] bm_mt_get_entries
[12:55:44.756] [bmv2] [T] [thread 7646] bm_mt_get_entries
[12:55:44.759] [bmv2] [T] [thread 7646] bm_mt_get_entries
[12:55:44.760] [bmv2] [T] [thread 7646] bm_mt_get_entries
[12:55:44.763] [bmv2] [T] [thread 7646] bm_mt_get_entries
[12:55:44.765] [bmv2] [T] [thread 7646] bm_mt_get_entries
[12:55:44.767] [bmv2] [T] [thread 7646] bm_mt_get_entries
[12:55:44.769] [bmv2] [T] [thread 7646] bm_mt_get_entries
[12:55:44.770] [bmv2] [T] [thread 7646] bm_mt_get_entries
[12:55:44.772] [bmv2] [T] [thread 7646] bm_mt_get_entries
[12:55:44.773] [bmv2] [T] [thread 7646] bm_mt_get_entries
[12:55:44.775] [bmv2] [T] [thread 7646] bm_mt_get_entries
[12:55:44.776] [bmv2] [T] [thread 7646] bm_mt_get_entries
[12:55:44.778] [bmv2] [T] [thread 7646] bm_mt_get_entries
[12:55:44.912] [bmv2] [T] [thread 7646] bm_reset_state
[12:55:44.934] [bmv2] [D] [thread 7646] Resetting simple_switch target-specific state
[12:55:44.934] [bmv2] [D] [thread 7646] resetting PRE state
[12:55:45.015] [bmv2] [T] [thread 7651] mirroring_sesssion_add
open: No such file or directory
open: No such file or directory
open: No such file or directory
open: No such file or directory
open: No such file or directory
open: No such file or directory
open: No such file or directory
open: No such file or directory
